#
# A fatal error has been detected by the Java Runtime Environment:
#
#  EXCEPTION_ACCESS_VIOLATION (0xc0000005) at pc=0x000000006c34c309, pid=5148, tid=0x000000000000167c
#
# JRE version: OpenJDK Runtime Environment (8.0_242-b01) (build 1.8.0_242-release-1644-b01)
# Java VM: OpenJDK 64-Bit Server VM (25.242-b01 mixed mode windows-amd64 compressed oops)
# Problematic frame:
# V  [jvm.dll+0x45c309]
#
# Failed to write core dump. Minidumps are not enabled by default on client versions of Windows
#
# If you would like to submit a bug report, please visit:
#   
#

---------------  T H R E A D  ---------------

Current thread (0x000000005733e800):  JavaThread "C2 CompilerThread0" daemon [_thread_in_native, id=5756, stack(0x00000000587e0000,0x00000000588e0000)]

siginfo: ExceptionCode=0xc0000005, reading address 0xffffffffffffffff

Registers:
RAX=0x000000006c32b310, RBX=0x0000000000000001, RCX=0x000000006c520718, RDX=0x0000000000000000
RSP=0x00000000588dc330, RBP=0x00000000588dc388, RSI=0x000000007053e310, RDI=0xffffffffffffffff
R8 =0x0000000000000000, R9 =0x0000000000000000, R10=0xff7ffbffbfdfffdf, R11=0x0000000110000050
R12=0x000000006c520718, R13=0x00000000588dc540, R14=0x00000000588dc428, R15=0x0000000000000000
RIP=0x000000006c34c309, EFLAGS=0x0000000000010202

Top of Stack: (sp=0x00000000588dc330)
0x00000000588dc330:   0000000000000001 000000007053e310
0x00000000588dc340:   0000000000000001 00000000588dc388
0x00000000588dc350:   0000256d000001d8 0000000000000000
0x00000000588dc360:   0000000000000007 000000006ec8b8a0
0x00000000588dc370:   00000000572bd000 000000006f60c630
0x00000000588dc380:   000000006f611608 000000006f609620
0x00000000588dc390:   00000000588dc429 000000006c34d1ac
0x00000000588dc3a0:   00000000588dc540 00000000000001e5
0x00000000588dc3b0:   00000000572bd000 000000005b270d30
0x00000000588dc3c0:   0000000000000005 000000005d871ad8
0x00000000588dc3d0:   0000000000000000 0000000000000000
0x00000000588dc3e0:   0000000000000000 0000000000000000
0x00000000588dc3f0:   0000000000000000 0000000000000000
0x00000000588dc400:   0000000000000000 000000006c34dea7
0x00000000588dc410:   00000000588dc460 000000005b270d30
0x00000000588dc420:   0000000000000005 000000006c52f9e8 

Instructions: (pc=0x000000006c34c309)
0x000000006c34c2e9:   cb 41 d3 e1 8b 0c 82 8b c1 41 0b c9 41 23 c1 42
0x000000006c34c2f9:   89 0c 82 0f 85 7d 01 00 00 49 8b 04 24 49 8b cc
0x000000006c34c309:   ff 90 b0 00 00 00 84 c0 74 6f 41 8b 44 24 28 41
0x000000006c34c319:   3b 45 58 73 0c 8b c8 49 8b 45 68 4c 39 3c c8 75 


Register to memory mapping:

RAX=0x000000006c32b310 is an unknown value
RBX=0x0000000000000001 is an unknown value
RCX=0x000000006c520718 is an unknown value
RDX=0x0000000000000000 is an unknown value
RSP=0x00000000588dc330 is pointing into the stack for thread: 0x000000005733e800
RBP=0x00000000588dc388 is pointing into the stack for thread: 0x000000005733e800
RSI=0x000000007053e310 is an unknown value
RDI=0xffffffffffffffff is an unknown value
R8 =0x0000000000000000 is an unknown value
R9 =0x0000000000000000 is an unknown value
R10=0xff7ffbffbfdfffdf is an unknown value
R11=0x0000000110000050 is an unknown value
R12=0x000000006c520718 is an unknown value
R13=0x00000000588dc540 is pointing into the stack for thread: 0x000000005733e800
R14=0x00000000588dc428 is pointing into the stack for thread: 0x000000005733e800
R15=0x0000000000000000 is an unknown value


Stack: [0x00000000587e0000,0x00000000588e0000],  sp=0x00000000588dc330,  free space=1008k
Native frames: (J=compiled Java code, j=interpreted, Vv=VM code, C=native code)
V  [jvm.dll+0x45c309]
V  [jvm.dll+0x45d1ac]
V  [jvm.dll+0x45e12a]
V  [jvm.dll+0x4455cc]
V  [jvm.dll+0x447fa8]
V  [jvm.dll+0x42b072]
V  [jvm.dll+0x8230f]
V  [jvm.dll+0x82c7f]
V  [jvm.dll+0x220b7f]
V  [jvm.dll+0x27276a]
C  [msvcr100.dll+0x21d9f]
C  [msvcr100.dll+0x21e3b]
C  [kernel32.dll+0x1556d]
C  [ntdll.dll+0x5372d]


Current CompileTask:
C2:3852602 31377       4       com.android.tools.r8.ir.regalloc.a::a (952 bytes)


---------------  P R O C E S S  ---------------

Java Threads: ( => current thread )
  0x000000005b668000 JavaThread "ForkJoinPool-5-worker-1" daemon [_thread_in_Java, id=9848, stack(0x00000000723d0000,0x00000000724d0000)]
  0x000000005b669000 JavaThread "ForkJoinPool-5-worker-0" daemon [_thread_in_Java, id=5128, stack(0x0000000074330000,0x0000000074430000)]
  0x000000005b667800 JavaThread "Exec process Thread 15" [_thread_blocked, id=10008, stack(0x0000000071120000,0x0000000071220000)]
  0x000000005b666800 JavaThread "Exec process Thread 14" [_thread_blocked, id=9296, stack(0x0000000074150000,0x0000000074250000)]
  0x000000005b666000 JavaThread "Exec process Thread 13" [_thread_blocked, id=9960, stack(0x0000000072850000,0x0000000072950000)]
  0x000000005b587800 JavaThread "Cache worker for Java compile cache (E:\Coding\Project\QScript\.gradle\6.7\javaCompile)" [_thread_blocked, id=6628, stack(0x00000000739a0000,0x0000000073aa0000)]
  0x000000005b586800 JavaThread "Cache worker for Java compile cache (C:\Users\Administrator\.gradle\caches\6.7\javaCompile)" [_thread_blocked, id=10060, stack(0x00000000726e0000,0x00000000727e0000)]
  0x000000005b586000 JavaThread "RMI TCP Connection(11)-127.0.0.1" daemon [_thread_in_native, id=9588, stack(0x0000000072580000,0x0000000072680000)]
  0x000000005b584000 JavaThread "Cache worker for execution history cache (E:\Coding\Project\QScript\.gradle\6.7\executionHistory)" [_thread_blocked, id=8968, stack(0x0000000072060000,0x0000000072160000)]
  0x000000005b583800 JavaThread "Execution worker for ':' Thread 2" [_thread_blocked, id=6932, stack(0x0000000071ae0000,0x0000000071be0000)]
  0x000000005b582800 JavaThread "Execution worker for ':'" [_thread_blocked, id=9416, stack(0x00000000719a0000,0x0000000071aa0000)]
  0x000000005ddba800 JavaThread "pool-14-thread-1" [_thread_blocked, id=8696, stack(0x0000000071860000,0x0000000071960000)]
  0x000000005ddb9800 JavaThread "jar transforms Thread 684" [_thread_blocked, id=5348, stack(0x000000006d770000,0x000000006d870000)]
  0x000000005ddb9000 JavaThread "jar transforms Thread 683" [_thread_blocked, id=9988, stack(0x0000000071620000,0x0000000071720000)]
  0x000000005ddb8000 JavaThread "jar transforms Thread 682" [_thread_blocked, id=8400, stack(0x000000006e850000,0x000000006e950000)]
  0x000000005ddb7800 JavaThread "jar transforms Thread 681" [_thread_blocked, id=9948, stack(0x000000006e270000,0x000000006e370000)]
  0x000000005ddb6800 JavaThread "jar transforms Thread 680" [_thread_blocked, id=10232, stack(0x000000006e070000,0x000000006e170000)]
  0x000000005ddb6000 JavaThread "jar transforms Thread 679" [_thread_blocked, id=9816, stack(0x0000000069c70000,0x0000000069d70000)]
  0x000000005ddb5000 JavaThread "jar transforms Thread 678" [_thread_blocked, id=9932, stack(0x000000006b0b0000,0x000000006b1b0000)]
  0x000000005ddb4800 JavaThread "jar transforms Thread 677" [_thread_blocked, id=2952, stack(0x000000006dec0000,0x000000006dfc0000)]
  0x000000005ddb3800 JavaThread "jar transforms Thread 676" [_thread_blocked, id=10072, stack(0x0000000069f20000,0x000000006a020000)]
  0x000000006aedc800 JavaThread "jar transforms Thread 675" [_thread_blocked, id=9700, stack(0x0000000069dc0000,0x0000000069ec0000)]
  0x000000006aedc000 JavaThread "jar transforms Thread 674" [_thread_blocked, id=4628, stack(0x0000000068e60000,0x0000000068f60000)]
  0x000000006aedb000 JavaThread "jar transforms Thread 673" [_thread_blocked, id=9252, stack(0x0000000069b20000,0x0000000069c20000)]
  0x000000006aeda000 JavaThread "jar transforms Thread 672" [_thread_blocked, id=9712, stack(0x00000000698f0000,0x00000000699f0000)]
  0x000000006aed9800 JavaThread "jar transforms Thread 671" [_thread_blocked, id=9772, stack(0x0000000069770000,0x0000000069870000)]
  0x000000006aed8800 JavaThread "jar transforms Thread 670" [_thread_blocked, id=9568, stack(0x0000000063020000,0x0000000063120000)]
  0x000000006aed8000 JavaThread "jar transforms Thread 669" [_thread_blocked, id=9524, stack(0x00000000686c0000,0x00000000687c0000)]
  0x000000006aed7000 JavaThread "jar transforms Thread 668" [_thread_blocked, id=1036, stack(0x00000000692b0000,0x00000000693b0000)]
  0x000000006aed6800 JavaThread "jar transforms Thread 667" [_thread_blocked, id=10064, stack(0x00000000688f0000,0x00000000689f0000)]
  0x000000006aed5800 JavaThread "jar transforms Thread 666" [_thread_blocked, id=9424, stack(0x0000000069110000,0x0000000069210000)]
  0x000000006a77f000 JavaThread "jar transforms Thread 665" [_thread_blocked, id=9400, stack(0x0000000068fb0000,0x00000000690b0000)]
  0x000000006a77e000 JavaThread "jar transforms Thread 664" [_thread_blocked, id=10220, stack(0x0000000068d60000,0x0000000068e60000)]
  0x000000006a77d800 JavaThread "jar transforms Thread 663" [_thread_blocked, id=10216, stack(0x0000000068bd0000,0x0000000068cd0000)]
  0x000000006a77c800 JavaThread "jar transforms Thread 662" [_thread_blocked, id=4216, stack(0x00000000689f0000,0x0000000068af0000)]
  0x000000006a77c000 JavaThread "jar transforms Thread 661" [_thread_blocked, id=5152, stack(0x00000000687d0000,0x00000000688d0000)]
  0x000000006a77b000 JavaThread "jar transforms Thread 660" [_thread_blocked, id=10020, stack(0x0000000065f00000,0x0000000066000000)]
  0x000000006a77a800 JavaThread "jar transforms Thread 659" [_thread_blocked, id=8800, stack(0x0000000067d00000,0x0000000067e00000)]
  0x000000006a779800 JavaThread "jar transforms Thread 658" [_thread_blocked, id=9996, stack(0x00000000685a0000,0x00000000686a0000)]
  0x000000006a779000 JavaThread "jar transforms Thread 657" [_thread_blocked, id=10056, stack(0x0000000068420000,0x0000000068520000)]
  0x000000006a778000 JavaThread "jar transforms Thread 656" [_thread_blocked, id=10132, stack(0x00000000682c0000,0x00000000683c0000)]
  0x000000006aaf6000 JavaThread "jar transforms Thread 655" [_thread_blocked, id=3128, stack(0x00000000653f0000,0x00000000654f0000)]
  0x000000006aaf5800 JavaThread "jar transforms Thread 654" [_thread_blocked, id=10004, stack(0x0000000068120000,0x0000000068220000)]
  0x000000006aaf4800 JavaThread "jar transforms Thread 653" [_thread_blocked, id=10044, stack(0x0000000068000000,0x0000000068100000)]
  0x000000006aaf4000 JavaThread "jar transforms Thread 652" [_thread_blocked, id=8076, stack(0x0000000067e30000,0x0000000067f30000)]
  0x000000006aaf3000 JavaThread "jar transforms Thread 651" [_thread_blocked, id=8728, stack(0x0000000067a70000,0x0000000067b70000)]
  0x000000006aaf2800 JavaThread "jar transforms Thread 650" [_thread_blocked, id=9768, stack(0x0000000067c00000,0x0000000067d00000)]
  0x000000006aaf1800 JavaThread "jar transforms Thread 649" [_thread_blocked, id=4612, stack(0x0000000067970000,0x0000000067a70000)]
  0x000000006aaf1000 JavaThread "jar transforms Thread 648" [_thread_blocked, id=10224, stack(0x0000000067610000,0x0000000067710000)]
  0x000000006aaf0000 JavaThread "jar transforms Thread 647" [_thread_blocked, id=9288, stack(0x0000000067870000,0x0000000067970000)]
  0x000000006aaef000 JavaThread "jar transforms Thread 646" [_thread_blocked, id=9028, stack(0x0000000067710000,0x0000000067810000)]
  0x000000006a2fb800 JavaThread "jar transforms Thread 645" [_thread_blocked, id=10140, stack(0x00000000674e0000,0x00000000675e0000)]
  0x000000006a2fa800 JavaThread "jar transforms Thread 644" [_thread_blocked, id=9232, stack(0x0000000066f10000,0x0000000067010000)]
  0x000000006a2fa000 JavaThread "jar transforms Thread 643" [_thread_blocked, id=9968, stack(0x0000000067330000,0x0000000067430000)]
  0x000000006a2f9000 JavaThread "jar transforms Thread 642" [_thread_blocked, id=5032, stack(0x0000000067170000,0x0000000067270000)]
  0x000000006a2f8800 JavaThread "jar transforms Thread 641" [_thread_blocked, id=10028, stack(0x0000000067050000,0x0000000067150000)]
  0x000000006a2f7800 JavaThread "jar transforms Thread 640" [_thread_blocked, id=9616, stack(0x0000000066de0000,0x0000000066ee0000)]
  0x000000006a2f7000 JavaThread "jar transforms Thread 639" [_thread_blocked, id=8504, stack(0x0000000066cb0000,0x0000000066db0000)]
  0x000000006a2f6000 JavaThread "jar transforms Thread 638" [_thread_blocked, id=9564, stack(0x0000000066ad0000,0x0000000066bd0000)]
  0x000000006a2f5800 JavaThread "jar transforms Thread 637" [_thread_blocked, id=9584, stack(0x0000000066540000,0x0000000066640000)]
  0x000000006a2f4800 JavaThread "jar transforms Thread 636" [_thread_blocked, id=9612, stack(0x00000000669d0000,0x0000000066ad0000)]
  0x000000005b505000 JavaThread "jar transforms Thread 635" [_thread_blocked, id=9680, stack(0x0000000066800000,0x0000000066900000)]
  0x000000005b504000 JavaThread "jar transforms Thread 634" [_thread_blocked, id=10208, stack(0x00000000666e0000,0x00000000667e0000)]
  0x000000005b503800 JavaThread "jar transforms Thread 633" [_thread_blocked, id=9540, stack(0x0000000066430000,0x0000000066530000)]
  0x000000005b502800 JavaThread "jar transforms Thread 632" [_thread_blocked, id=10036, stack(0x00000000662f0000,0x00000000663f0000)]
  0x000000005b502000 JavaThread "jar transforms Thread 631" [_thread_blocked, id=9752, stack(0x0000000065af0000,0x0000000065bf0000)]
  0x000000005b501000 JavaThread "jar transforms Thread 630" [_thread_blocked, id=6456, stack(0x0000000066100000,0x0000000066200000)]
  0x000000005b500800 JavaThread "jar transforms Thread 629" [_thread_blocked, id=9896, stack(0x0000000065df0000,0x0000000065ef0000)]
  0x000000005b4ff800 JavaThread "jar transforms Thread 628" [_thread_blocked, id=9308, stack(0x0000000065c50000,0x0000000065d50000)]
  0x000000005b4ff000 JavaThread "jar transforms Thread 627" [_thread_blocked, id=8852, stack(0x00000000659b0000,0x0000000065ab0000)]
  0x000000005b4fe000 JavaThread "jar transforms Thread 626" [_thread_blocked, id=8760, stack(0x0000000065760000,0x0000000065860000)]
  0x000000006ef49000 JavaThread "jar transforms Thread 625" [_thread_blocked, id=9300, stack(0x0000000064f80000,0x0000000065080000)]
  0x000000006a394800 JavaThread "jar transforms Thread 624" [_thread_blocked, id=10212, stack(0x0000000064d60000,0x0000000064e60000)]
  0x000000006a390800 JavaThread "jar transforms Thread 623" [_thread_blocked, id=8948, stack(0x00000000658a0000,0x00000000659a0000)]
  0x000000006a393000 JavaThread "jar transforms Thread 622" [_thread_blocked, id=5192, stack(0x0000000065650000,0x0000000065750000)]
  0x000000006a393800 JavaThread "jar transforms Thread 621" [_thread_blocked, id=9668, stack(0x00000000654f0000,0x00000000655f0000)]
  0x000000005e294800 JavaThread "jar transforms Thread 620" [_thread_blocked, id=9856, stack(0x00000000651a0000,0x00000000652a0000)]
  0x000000005e293000 JavaThread "jar transforms Thread 619" [_thread_blocked, id=3600, stack(0x00000000652f0000,0x00000000653f0000)]
  0x000000005e296000 JavaThread "jar transforms Thread 618" [_thread_blocked, id=6192, stack(0x00000000650a0000,0x00000000651a0000)]
  0x000000005e299800 JavaThread "jar transforms Thread 617" [_thread_blocked, id=9804, stack(0x00000000649f0000,0x0000000064af0000)]
  0x000000005e295000 JavaThread "jar transforms Thread 616" [_thread_blocked, id=9512, stack(0x0000000064e60000,0x0000000064f60000)]
  0x000000006a286800 JavaThread "jar transforms Thread 615" [_thread_blocked, id=9236, stack(0x0000000064670000,0x0000000064770000)]
  0x000000006a286000 JavaThread "jar transforms Thread 614" [_thread_blocked, id=5444, stack(0x0000000063e90000,0x0000000063f90000)]
  0x000000006a283800 JavaThread "jar transforms Thread 613" [_thread_blocked, id=3340, stack(0x0000000064c60000,0x0000000064d60000)]
  0x000000006a285000 JavaThread "jar transforms Thread 612" [_thread_blocked, id=5412, stack(0x0000000064b00000,0x0000000064c00000)]
  0x000000006a283000 JavaThread "jar transforms Thread 611" [_thread_blocked, id=4756, stack(0x00000000648f0000,0x00000000649f0000)]
  0x000000006a287800 JavaThread "jar transforms Thread 610" [_thread_blocked, id=10108, stack(0x0000000064790000,0x0000000064890000)]
  0x000000006a284800 JavaThread "jar transforms Thread 609" [_thread_blocked, id=9532, stack(0x0000000064550000,0x0000000064650000)]
  0x0000000058d5e000 JavaThread "jar transforms Thread 608" [_thread_blocked, id=5632, stack(0x0000000064130000,0x0000000064230000)]
  0x0000000058d5c000 JavaThread "jar transforms Thread 607" [_thread_blocked, id=9936, stack(0x0000000064360000,0x0000000064460000)]
  0x0000000058d5b000 JavaThread "jar transforms Thread 606" [_thread_blocked, id=9420, stack(0x0000000064250000,0x0000000064350000)]
  0x0000000058d61000 JavaThread "jar transforms Thread 605" [_thread_blocked, id=9108, stack(0x0000000063550000,0x0000000063650000)]
  0x0000000058d60800 JavaThread "jar transforms Thread 604" [_thread_blocked, id=9372, stack(0x0000000064000000,0x0000000064100000)]
  0x0000000058d5f000 JavaThread "jar transforms Thread 603" [_thread_blocked, id=9388, stack(0x0000000063d90000,0x0000000063e90000)]
  0x0000000058d5c800 JavaThread "jar transforms Thread 602" [_thread_blocked, id=9488, stack(0x0000000063c10000,0x0000000063d10000)]
  0x000000006b01a800 JavaThread "jar transforms Thread 601" [_thread_blocked, id=9824, stack(0x0000000063a80000,0x0000000063b80000)]
  0x000000006b014800 JavaThread "jar transforms Thread 600" [_thread_blocked, id=2284, stack(0x00000000637b0000,0x00000000638b0000)]
  0x000000006b015000 JavaThread "jar transforms Thread 599" [_thread_blocked, id=7336, stack(0x00000000638e0000,0x00000000639e0000)]
  0x000000006b016800 JavaThread "jar transforms Thread 598" [_thread_blocked, id=4920, stack(0x0000000063650000,0x0000000063750000)]
  0x000000006b018000 JavaThread "jar transforms Thread 597" [_thread_blocked, id=9716, stack(0x0000000063410000,0x0000000063510000)]
  0x000000006b017800 JavaThread "jar transforms Thread 596" [_thread_blocked, id=10116, stack(0x0000000063230000,0x0000000063330000)]
  0x000000006b016000 JavaThread "jar transforms Thread 595" [_thread_blocked, id=9792, stack(0x0000000063120000,0x0000000063220000)]
  0x000000006b019000 JavaThread "jar transforms Thread 594" [_thread_blocked, id=9720, stack(0x0000000062f20000,0x0000000063020000)]
  0x000000005ae88000 JavaThread "jar transforms Thread 593" [_thread_blocked, id=9628, stack(0x0000000062dd0000,0x0000000062ed0000)]
  0x000000005ae81800 JavaThread "jar transforms Thread 592" [_thread_blocked, id=508, stack(0x0000000062820000,0x0000000062920000)]
  0x000000005ae89000 JavaThread "jar transforms Thread 591" [_thread_blocked, id=7388, stack(0x0000000061450000,0x0000000061550000)]
  0x000000005ae86800 JavaThread "jar transforms Thread 590" [_thread_blocked, id=9504, stack(0x0000000062000000,0x0000000062100000)]
  0x000000005ae89800 JavaThread "jar transforms Thread 589" [_thread_blocked, id=9724, stack(0x0000000062c70000,0x0000000062d70000)]
  0x000000005ae87800 JavaThread "jar transforms Thread 588" [_thread_blocked, id=9576, stack(0x0000000062b30000,0x0000000062c30000)]
  0x000000005ae80000 JavaThread "jar transforms Thread 587" [_thread_blocked, id=9464, stack(0x0000000062950000,0x0000000062a50000)]
  0x000000005ae7d800 JavaThread "jar transforms Thread 586" [_thread_blocked, id=10024, stack(0x00000000626a0000,0x00000000627a0000)]
  0x000000005ae8a800 JavaThread "jar transforms Thread 585" [_thread_blocked, id=5856, stack(0x0000000062550000,0x0000000062650000)]
  0x000000005afa4000 JavaThread "jar transforms Thread 584" [_thread_blocked, id=10068, stack(0x00000000619c0000,0x0000000061ac0000)]
  0x000000005af9f800 JavaThread "jar transforms Thread 583" [_thread_blocked, id=9776, stack(0x0000000062430000,0x0000000062530000)]
  0x000000005afa1800 JavaThread "jar transforms Thread 582" [_thread_blocked, id=9972, stack(0x00000000622f0000,0x00000000623f0000)]
  0x000000005af9e800 JavaThread "jar transforms Thread 581" [_thread_blocked, id=6180, stack(0x0000000062110000,0x0000000062210000)]
  0x000000005afa5800 JavaThread "jar transforms Thread 580" [_thread_blocked, id=9328, stack(0x0000000061ef0000,0x0000000061ff0000)]
  0x000000005afa1000 JavaThread "jar transforms Thread 579" [_thread_blocked, id=10152, stack(0x0000000061d60000,0x0000000061e60000)]
  0x000000005afa2800 JavaThread "jar transforms Thread 578" [_thread_blocked, id=10124, stack(0x0000000061c50000,0x0000000061d50000)]
  0x000000005afa0000 JavaThread "jar transforms Thread 577" [_thread_blocked, id=9696, stack(0x0000000061b50000,0x0000000061c50000)]
  0x000000005afa4800 JavaThread "jar transforms Thread 576" [_thread_blocked, id=10144, stack(0x00000000618b0000,0x00000000619b0000)]
  0x000000006f002800 JavaThread "jar transforms Thread 575" [_thread_blocked, id=10088, stack(0x0000000061730000,0x0000000061830000)]
  0x000000006f004000 JavaThread "jar transforms Thread 574" [_thread_blocked, id=9692, stack(0x0000000061550000,0x0000000061650000)]
  0x000000006f003000 JavaThread "jar transforms Thread 573" [_thread_blocked, id=9384, stack(0x0000000061350000,0x0000000061450000)]
  0x000000006f001000 JavaThread "jar transforms Thread 572" [_thread_blocked, id=7340, stack(0x0000000060d40000,0x0000000060e40000)]
  0x000000006efff800 JavaThread "jar transforms Thread 571" [_thread_blocked, id=8648, stack(0x0000000060e50000,0x0000000060f50000)]
  0x000000006f00a000 JavaThread "Build operations Thread 3" [_thread_blocked, id=9460, stack(0x0000000061220000,0x0000000061320000)]
  0x000000006f008800 JavaThread "Build operations Thread 2" [_thread_blocked, id=8932, stack(0x000000005ea80000,0x000000005eb80000)]
  0x000000006f00a800 JavaThread "Build operations" [_thread_blocked, id=9828, stack(0x000000005c480000,0x000000005c580000)]
  0x000000006f009000 JavaThread "Cache worker for Build Output Cleanup Cache (E:\Coding\Project\QScript\.gradle\buildOutputCleanup)" [_thread_blocked, id=6668, stack(0x0000000060820000,0x0000000060920000)]
  0x000000006f00d000 JavaThread "Cache worker for cache directory md-rule (C:\Users\Administrator\.gradle\caches\6.7\md-rule)" [_thread_blocked, id=10184, stack(0x0000000060c40000,0x0000000060d40000)]
  0x000000006f00b800 JavaThread "Cache worker for cache directory md-supplier (C:\Users\Administrator\.gradle\caches\6.7\md-supplier)" [_thread_blocked, id=7452, stack(0x000000005c270000,0x000000005c370000)]
  0x000000006f001800 JavaThread "Cache worker for checksums cache (E:\Coding\Project\QScript\.gradle\checksums)" [_thread_blocked, id=9312, stack(0x0000000060700000,0x0000000060800000)]
  0x000000006f000000 JavaThread "Cache worker for file hash cache (E:\Coding\Project\QScript\.gradle\6.7\fileHashes)" [_thread_blocked, id=9728, stack(0x0000000060560000,0x0000000060660000)]
  0x000000006f005800 JavaThread "Thread-688" [_thread_in_Java, id=9744, stack(0x000000005cee0000,0x000000005cfe0000)]
  0x000000006f007000 JavaThread "Stdin handler" [_thread_blocked, id=10204, stack(0x000000005d3f0000,0x000000005d4f0000)]
  0x000000006f004800 JavaThread "Asynchronous log dispatcher for DefaultDaemonConnection: socket connection from /127.0.0.1:2857 to /127.0.0.1:3507" [_thread_blocked, id=1276, stack(0x0000000058510000,0x0000000058610000)]
  0x000000006f006000 JavaThread "Daemon worker Thread 5" [_thread_blocked, id=5548, stack(0x000000005cdb0000,0x000000005ceb0000)]
  0x000000006f007800 JavaThread "Cancel handler" [_thread_blocked, id=5604, stack(0x000000005caf0000,0x000000005cbf0000)]
  0x000000006f00c000 JavaThread "Handler for socket connection from /127.0.0.1:2857 to /127.0.0.1:3507" [_thread_in_native, id=6660, stack(0x000000005c920000,0x000000005ca20000)]
  0x000000006effe800 JavaThread "Daemon Thread 5" [_thread_blocked, id=9832, stack(0x000000005c150000,0x000000005c250000)]
  0x000000006a289800 JavaThread "RMI Reaper" [_thread_blocked, id=7364, stack(0x00000000721d0000,0x00000000722d0000)]
  0x000000006a289000 JavaThread "RMI TCP Accept-0" daemon [_thread_in_native, id=4580, stack(0x00000000722d0000,0x00000000723d0000)]
  0x000000006a288000 JavaThread "GC Daemon" daemon [_thread_blocked, id=2940, stack(0x0000000069470000,0x0000000069570000)]
  0x000000006a396000 JavaThread "RMI Scheduler(0)" daemon [_thread_blocked, id=4836, stack(0x0000000071ee0000,0x0000000071fe0000)]
  0x000000005e293800 JavaThread "Memory manager" [_thread_blocked, id=8396, stack(0x000000006b9b0000,0x000000006bab0000)]
  0x000000005ae82000 JavaThread "Cache worker for file content cache (C:\Users\Administrator\.gradle\caches\6.7\fileContent)" [_thread_blocked, id=6328, stack(0x000000005fbb0000,0x000000005fcb0000)]
  0x000000005ae80800 JavaThread "Cache worker for execution history cache (C:\Users\Administrator\.gradle\caches\6.7\executionHistory)" [_thread_blocked, id=5760, stack(0x000000005f1e0000,0x000000005f2e0000)]
  0x000000005ae7d000 JavaThread "Cache worker for journal cache (C:\Users\Administrator\.gradle\caches\journal-1)" [_thread_blocked, id=4156, stack(0x000000005e540000,0x000000005e640000)]
  0x000000005ae7c000 JavaThread "File lock request listener" [_thread_in_native, id=4240, stack(0x000000005d2c0000,0x000000005d3c0000)]
  0x000000005ac95000 JavaThread "Cache worker for file hash cache (C:\Users\Administrator\.gradle\caches\6.7\fileHashes)" [_thread_blocked, id=5460, stack(0x000000005cc50000,0x000000005cd50000)]
  0x000000005aa35800 JavaThread "Daemon periodic checks" [_thread_blocked, id=3356, stack(0x000000005c580000,0x000000005c680000)]
  0x000000005acfb800 JavaThread "Incoming local TCP Connector on port 2857" [_thread_in_native, id=3524, stack(0x000000005c370000,0x000000005c470000)]
  0x0000000059961800 JavaThread "Daemon health stats" [_thread_blocked, id=6264, stack(0x000000005bb00000,0x000000005bc00000)]
  0x0000000058b14000 JavaThread "Service Thread" daemon [_thread_blocked, id=7608, stack(0x0000000058ff0000,0x00000000590f0000)]
  0x0000000057357000 JavaThread "C1 CompilerThread1" daemon [_thread_blocked, id=5060, stack(0x00000000589b0000,0x0000000058ab0000)]
=>0x000000005733e800 JavaThread "C2 CompilerThread0" daemon [_thread_in_native, id=5756, stack(0x00000000587e0000,0x00000000588e0000)]
  0x000000005733b800 JavaThread "Attach Listener" daemon [_thread_blocked, id=4992, stack(0x0000000058190000,0x0000000058290000)]
  0x0000000057325000 JavaThread "Signal Dispatcher" daemon [_thread_blocked, id=8204, stack(0x0000000058610000,0x0000000058710000)]
  0x000000005730f800 JavaThread "Finalizer" daemon [_thread_blocked, id=9160, stack(0x0000000058400000,0x0000000058500000)]
  0x0000000057308800 JavaThread "Reference Handler" daemon [_thread_blocked, id=7856, stack(0x00000000582c0000,0x00000000583c0000)]
  0x00000000022fc000 JavaThread "main" [_thread_blocked, id=9200, stack(0x0000000002570000,0x0000000002670000)]

Other Threads:
  0x00000000572bd800 VMThread [stack: 0x0000000058050000,0x0000000058150000] [id=9196]
  0x0000000058b1f000 WatcherThread [stack: 0x0000000058ec0000,0x0000000058fc0000] [id=8348]

VM state:not at safepoint (normal execution)

VM Mutex/Monitor currently owned by a thread: None

heap address: 0x0000000080000000, size: 2048 MB, Compressed Oops mode: 32-bit
Narrow klass base: 0x0000000000000000, Narrow klass shift: 0
Compressed class space size: 1073741824 Address: 0x0000000016960000

Heap:
 PSYoungGen      total 472064K, used 123879K [0x00000000d5580000, 0x00000000fed00000, 0x0000000100000000)
  eden space 293376K, 40% used [0x00000000d5580000,0x00000000dc95de60,0x00000000e7400000)
  from space 178688K, 2% used [0x00000000f3e80000,0x00000000f439c0e0,0x00000000fed00000)
  to   space 193024K, 0% used [0x00000000e7400000,0x00000000e7400000,0x00000000f3080000)
 ParOldGen       total 523264K, used 297140K [0x0000000080000000, 0x000000009ff00000, 0x00000000d5580000)
  object space 523264K, 56% used [0x0000000080000000,0x000000009222d170,0x000000009ff00000)
 Metaspace       used 111366K, capacity 118902K, committed 119512K, reserved 1153024K
  class space    used 14273K, capacity 15505K, committed 15616K, reserved 1048576K

Card table byte_map: [0x0000000011a30000,0x0000000011e40000] byte_map_base: 0x0000000011630000

Marking Bits: (ParMarkBitMap*) 0x000000006c6bf030
 Begin Bits: [0x0000000012560000, 0x0000000014560000)
 End Bits:   [0x0000000014560000, 0x0000000016560000)

Polling page: 0x0000000001c60000

CodeCache: size=245760Kb used=80375Kb max_used=80926Kb free=165384Kb
 bounds [0x0000000002670000, 0x00000000075f0000, 0x0000000011670000]
 total_blobs=24585 nmethods=23655 adapters=840
 compilation: enabled

Compilation events (10 events):
Event: 3851.729 Thread 0x0000000057357000 31411       3       com.android.tools.r8.s.b.X::c (1154 bytes)
Event: 3851.737 Thread 0x0000000057357000 nmethod 31411 0x00000000058a8bd0 code [0x00000000058a95c0, 0x00000000058b07b8]
Event: 3851.754 Thread 0x0000000057357000 31412       2       com.android.tools.r8.s.a.g::a (428 bytes)
Event: 3851.759 Thread 0x0000000057357000 nmethod 31412 0x000000000640f5d0 code [0x000000000640fa20, 0x0000000006410d78]
Event: 3851.936 Thread 0x0000000057357000 31415       2       com.android.tools.r8.ir.regalloc.a::a (328 bytes)
Event: 3851.938 Thread 0x0000000057357000 nmethod 31415 0x000000000526fa90 code [0x000000000526fd20, 0x0000000005270438]
Event: 3852.269 Thread 0x0000000057357000 31417       2       com.android.tools.r8.t.a.a.a.f.X::clear (34 bytes)
Event: 3852.270 Thread 0x0000000057357000 nmethod 31417 0x0000000002b19710 code [0x0000000002b19880, 0x0000000002b19aa8]
Event: 3852.276 Thread 0x0000000057357000 31418       2       com.android.tools.r8.s.b.k0::a (61 bytes)
Event: 3852.277 Thread 0x0000000057357000 nmethod 31418 0x0000000004126090 code [0x0000000004126240, 0x0000000004126568]

GC Heap History (10 events):
Event: 3845.571 GC heap before
{Heap before GC invocations=105 (full 8):
 PSYoungGen      total 553472K, used 553456K [0x00000000d5580000, 0x0000000100000000, 0x0000000100000000)
  eden space 452096K, 100% used [0x00000000d5580000,0x00000000f0f00000,0x00000000f0f00000)
  from space 101376K, 99% used [0x00000000f9b80000,0x00000000ffe7c2c8,0x00000000ffe80000)
  to   space 123392K, 0% used [0x00000000f0f00000,0x00000000f0f00000,0x00000000f8780000)
 ParOldGen       total 453632K, used 335663K [0x0000000080000000, 0x000000009bb00000, 0x00000000d5580000)
  object space 453632K, 73% used [0x0000000080000000,0x00000000947cbd60,0x000000009bb00000)
 Metaspace       used 111529K, capacity 119184K, committed 119512K, reserved 1153024K
  class space    used 14310K, capacity 15578K, committed 15616K, reserved 1048576K
Event: 3845.819 GC heap after
Heap after GC invocations=105 (full 8):
 PSYoungGen      total 575488K, used 123381K [0x00000000d5580000, 0x0000000100000000, 0x0000000100000000)
  eden space 452096K, 0% used [0x00000000d5580000,0x00000000d5580000,0x00000000f0f00000)
  from space 123392K, 99% used [0x00000000f0f00000,0x00000000f877d6e8,0x00000000f8780000)
  to   space 123392K, 0% used [0x00000000f8780000,0x00000000f8780000,0x0000000100000000)
 ParOldGen       total 453632K, used 380124K [0x0000000080000000, 0x000000009bb00000, 0x00000000d5580000)
  object space 453632K, 83% used [0x0000000080000000,0x0000000097337280,0x000000009bb00000)
 Metaspace       used 111529K, capacity 119184K, committed 119512K, reserved 1153024K
  class space    used 14310K, capacity 15578K, committed 15616K, reserved 1048576K
}
Event: 3847.168 GC heap before
{Heap before GC invocations=106 (full 8):
 PSYoungGen      total 575488K, used 575477K [0x00000000d5580000, 0x0000000100000000, 0x0000000100000000)
  eden space 452096K, 100% used [0x00000000d5580000,0x00000000f0f00000,0x00000000f0f00000)
  from space 123392K, 99% used [0x00000000f0f00000,0x00000000f877d6e8,0x00000000f8780000)
  to   space 123392K, 0% used [0x00000000f8780000,0x00000000f8780000,0x0000000100000000)
 ParOldGen       total 453632K, used 380124K [0x0000000080000000, 0x000000009bb00000, 0x00000000d5580000)
  object space 453632K, 83% used [0x0000000080000000,0x0000000097337280,0x000000009bb00000)
 Metaspace       used 111530K, capacity 119184K, committed 119512K, reserved 1153024K
  class space    used 14310K, capacity 15578K, committed 15616K, reserved 1048576K
Event: 3847.462 GC heap after
Heap after GC invocations=106 (full 8):
 PSYoungGen      total 407552K, used 123370K [0x00000000d5580000, 0x0000000100000000, 0x0000000100000000)
  eden space 284160K, 0% used [0x00000000d5580000,0x00000000d5580000,0x00000000e6b00000)
  from space 123392K, 99% used [0x00000000f8780000,0x00000000ffffaa38,0x0000000100000000)
  to   space 207360K, 0% used [0x00000000e6b00000,0x00000000e6b00000,0x00000000f3580000)
 ParOldGen       total 453632K, used 451476K [0x0000000080000000, 0x000000009bb00000, 0x00000000d5580000)
  object space 453632K, 99% used [0x0000000080000000,0x000000009b8e51d8,0x000000009bb00000)
 Metaspace       used 111530K, capacity 119184K, committed 119512K, reserved 1153024K
  class space    used 14310K, capacity 15578K, committed 15616K, reserved 1048576K
}
Event: 3847.462 GC heap before
{Heap before GC invocations=107 (full 9):
 PSYoungGen      total 407552K, used 123370K [0x00000000d5580000, 0x0000000100000000, 0x0000000100000000)
  eden space 284160K, 0% used [0x00000000d5580000,0x00000000d5580000,0x00000000e6b00000)
  from space 123392K, 99% used [0x00000000f8780000,0x00000000ffffaa38,0x0000000100000000)
  to   space 207360K, 0% used [0x00000000e6b00000,0x00000000e6b00000,0x00000000f3580000)
 ParOldGen       total 453632K, used 451476K [0x0000000080000000, 0x000000009bb00000, 0x00000000d5580000)
  object space 453632K, 99% used [0x0000000080000000,0x000000009b8e51d8,0x000000009bb00000)
 Metaspace       used 111530K, capacity 119184K, committed 119512K, reserved 1153024K
  class space    used 14310K, capacity 15578K, committed 15616K, reserved 1048576K
Event: 3848.854 GC heap after
Heap after GC invocations=107 (full 9):
 PSYoungGen      total 407552K, used 0K [0x00000000d5580000, 0x0000000100000000, 0x0000000100000000)
  eden space 284160K, 0% used [0x00000000d5580000,0x00000000d5580000,0x00000000e6b00000)
  from space 123392K, 0% used [0x00000000f8780000,0x00000000f8780000,0x0000000100000000)
  to   space 207360K, 0% used [0x00000000e6b00000,0x00000000e6b00000,0x00000000f3580000)
 ParOldGen       total 523264K, used 267537K [0x0000000080000000, 0x000000009ff00000, 0x00000000d5580000)
  object space 523264K, 51% used [0x0000000080000000,0x0000000090544638,0x000000009ff00000)
 Metaspace       used 111333K, capacity 118830K, committed 119512K, reserved 1153024K
  class space    used 14272K, capacity 15505K, committed 15616K, reserved 1048576K
}
Event: 3850.557 GC heap before
{Heap before GC invocations=108 (full 9):
 PSYoungGen      total 407552K, used 284160K [0x00000000d5580000, 0x0000000100000000, 0x0000000100000000)
  eden space 284160K, 100% used [0x00000000d5580000,0x00000000e6b00000,0x00000000e6b00000)
  from space 123392K, 0% used [0x00000000f8780000,0x00000000f8780000,0x0000000100000000)
  to   space 207360K, 0% used [0x00000000e6b00000,0x00000000e6b00000,0x00000000f3580000)
 ParOldGen       total 523264K, used 267537K [0x0000000080000000, 0x000000009ff00000, 0x00000000d5580000)
  object space 523264K, 51% used [0x0000000080000000,0x0000000090544638,0x000000009ff00000)
 Metaspace       used 111361K, capacity 118894K, committed 119512K, reserved 1153024K
  class space    used 14273K, capacity 15505K, committed 15616K, reserved 1048576K
Event: 3850.610 GC heap after
Heap after GC invocations=108 (full 9):
 PSYoungGen      total 491520K, used 29447K [0x00000000d5580000, 0x0000000100000000, 0x0000000100000000)
  eden space 284160K, 0% used [0x00000000d5580000,0x00000000d5580000,0x00000000e6b00000)
  from space 207360K, 14% used [0x00000000e6b00000,0x00000000e87c1e98,0x00000000f3580000)
  to   space 198144K, 0% used [0x00000000f3e80000,0x00000000f3e80000,0x0000000100000000)
 ParOldGen       total 523264K, used 267545K [0x0000000080000000, 0x000000009ff00000, 0x00000000d5580000)
  object space 523264K, 51% used [0x0000000080000000,0x0000000090546638,0x000000009ff00000)
 Metaspace       used 111361K, capacity 118894K, committed 119512K, reserved 1153024K
  class space    used 14273K, capacity 15505K, committed 15616K, reserved 1048576K
}
Event: 3852.025 GC heap before
{Heap before GC invocations=109 (full 9):
 PSYoungGen      total 491520K, used 313607K [0x00000000d5580000, 0x0000000100000000, 0x0000000100000000)
  eden space 284160K, 100% used [0x00000000d5580000,0x00000000e6b00000,0x00000000e6b00000)
  from space 207360K, 14% used [0x00000000e6b00000,0x00000000e87c1e98,0x00000000f3580000)
  to   space 198144K, 0% used [0x00000000f3e80000,0x00000000f3e80000,0x0000000100000000)
 ParOldGen       total 523264K, used 267545K [0x0000000080000000, 0x000000009ff00000, 0x00000000d5580000)
  object space 523264K, 51% used [0x0000000080000000,0x0000000090546638,0x000000009ff00000)
 Metaspace       used 111366K, capacity 118902K, committed 119512K, reserved 1153024K
  class space    used 14273K, capacity 15505K, committed 15616K, reserved 1048576K
Event: 3852.096 GC heap after
Heap after GC invocations=109 (full 9):
 PSYoungGen      total 472064K, used 5232K [0x00000000d5580000, 0x00000000fed00000, 0x0000000100000000)
  eden space 293376K, 0% used [0x00000000d5580000,0x00000000d5580000,0x00000000e7400000)
  from space 178688K, 2% used [0x00000000f3e80000,0x00000000f439c0e0,0x00000000fed00000)
  to   space 193024K, 0% used [0x00000000e7400000,0x00000000e7400000,0x00000000f3080000)
 ParOldGen       total 523264K, used 297140K [0x0000000080000000, 0x000000009ff00000, 0x00000000d5580000)
  object space 523264K, 56% used [0x0000000080000000,0x000000009222d170,0x000000009ff00000)
 Metaspace       used 111366K, capacity 118902K, committed 119512K, reserved 1153024K
  class space    used 14273K, capacity 15505K, committed 15616K, reserved 1048576K
}

Deoptimization events (10 events):
Event: 3851.347 Thread 0x000000005b669000 Uncommon trap: reason=bimorphic action=maybe_recompile pc=0x0000000003497ab4 method=com.android.tools.r8.q.a.a.b.G2.contains(Ljava/lang/Object;)Z @ 5
Event: 3851.347 Thread 0x000000005b669000 Uncommon trap: reason=bimorphic action=maybe_recompile pc=0x0000000003497ab4 method=com.android.tools.r8.q.a.a.b.G2.contains(Ljava/lang/Object;)Z @ 5
Event: 3851.347 Thread 0x000000005b669000 Uncommon trap: reason=bimorphic action=maybe_recompile pc=0x0000000003497ab4 method=com.android.tools.r8.q.a.a.b.G2.contains(Ljava/lang/Object;)Z @ 5
Event: 3851.347 Thread 0x000000005b669000 Uncommon trap: reason=bimorphic action=maybe_recompile pc=0x0000000003497ab4 method=com.android.tools.r8.q.a.a.b.G2.contains(Ljava/lang/Object;)Z @ 5
Event: 3851.355 Thread 0x000000005b669000 Uncommon trap: reason=unstable_if action=reinterpret pc=0x000000000440cd48 method=com.android.tools.r8.ir.regalloc.a.b(Lcom/android/tools/r8/ir/regalloc/b;)Z @ 39
Event: 3851.356 Thread 0x000000005b669000 Uncommon trap: reason=unstable_if action=reinterpret pc=0x000000000411f0b4 method=com.android.tools.r8.ir.regalloc.a.b(Lcom/android/tools/r8/ir/regalloc/b;)Z @ 39
Event: 3851.716 Thread 0x000000005b669000 Uncommon trap: reason=bimorphic action=maybe_recompile pc=0x0000000005775940 method=com.android.tools.r8.q.a.a.b.G2.contains(Ljava/lang/Object;)Z @ 5
Event: 3851.891 Thread 0x000000005b669000 Uncommon trap: reason=unstable_if action=reinterpret pc=0x000000000453642c method=com.android.tools.r8.ir.regalloc.a.a(Lcom/android/tools/r8/ir/regalloc/b;ILcom/android/tools/r8/ir/regalloc/h;ZI)Z @ 207
Event: 3852.200 Thread 0x000000005b668000 Uncommon trap: reason=bimorphic action=maybe_recompile pc=0x000000000409b8e0 method=com.android.tools.r8.ir.conversion.N.a(ILcom/android/tools/r8/graph/s;)V @ 46
Event: 3852.201 Thread 0x000000005b669000 Uncommon trap: reason=class_check action=maybe_recompile pc=0x00000000072b01cc method=com.android.tools.r8.ir.optimize.I.a(Lcom/android/tools/r8/s/b/X;Ljava/util/Set;Ljava/util/ListIterator;Lcom/android/tools/r8/s/b/m0;Lcom/android/tools/r8/s/b/T;)V @ 363

Classes redefined (0 events):
No events

Internal exceptions (10 events):
Event: 3843.419 Thread 0x000000006f006000 Exception <a 'sun/nio/fs/WindowsException'> (0x00000000e777b978) thrown at [C:\src\AOSP-openjdk-git\hotspot\src\share\vm\prims\jni.cpp, line 710]
Event: 3843.421 Thread 0x000000006f006000 Exception <a 'sun/nio/fs/WindowsException'> (0x00000000e778a478) thrown at [C:\src\AOSP-openjdk-git\hotspot\src\share\vm\prims\jni.cpp, line 710]
Event: 3843.422 Thread 0x000000006f006000 Exception <a 'sun/nio/fs/WindowsException'> (0x00000000e778d968) thrown at [C:\src\AOSP-openjdk-git\hotspot\src\share\vm\prims\jni.cpp, line 710]
Event: 3843.422 Thread 0x000000006f006000 Exception <a 'sun/nio/fs/WindowsException'> (0x00000000e778e968) thrown at [C:\src\AOSP-openjdk-git\hotspot\src\share\vm\prims\jni.cpp, line 710]
Event: 3843.422 Thread 0x000000006f006000 Exception <a 'sun/nio/fs/WindowsException'> (0x00000000e778f968) thrown at [C:\src\AOSP-openjdk-git\hotspot\src\share\vm\prims\jni.cpp, line 710]
Event: 3843.422 Thread 0x000000006f006000 Exception <a 'sun/nio/fs/WindowsException'> (0x00000000e7790978) thrown at [C:\src\AOSP-openjdk-git\hotspot\src\share\vm\prims\jni.cpp, line 710]
Event: 3843.422 Thread 0x000000006f006000 Exception <a 'sun/nio/fs/WindowsException'> (0x00000000e7791a40) thrown at [C:\src\AOSP-openjdk-git\hotspot\src\share\vm\prims\jni.cpp, line 710]
Event: 3850.026 Thread 0x000000006f006000 Implicit null exception at 0x00000000071acebc to 0x00000000071ad661
Event: 3850.026 Thread 0x000000006f006000 Implicit null exception at 0x0000000006f82872 to 0x0000000006f829c9
Event: 3850.026 Thread 0x000000006f006000 Implicit null exception at 0x0000000006f821a9 to 0x0000000006f822f9

Events (10 events):
Event: 3852.201 Thread 0x000000005b669000 DEOPT PACKING pc=0x00000000072b01cc sp=0x000000007442e970
Event: 3852.201 Thread 0x000000005b669000 DEOPT UNPACKING pc=0x00000000026b557b sp=0x000000007442e960 mode 2
Event: 3852.270 Thread 0x0000000057357000 flushing nmethod 0x000000000601fa10
Event: 3852.275 Thread 0x0000000057357000 flushing nmethod 0x0000000006667d10
Event: 3852.280 Thread 0x0000000057357000 flushing nmethod 0x0000000006ac79d0
Event: 3852.282 Thread 0x0000000057357000 flushing nmethod 0x0000000006d35a50
Event: 3852.282 Thread 0x0000000057357000 flushing nmethod 0x0000000006e36f50
Event: 3852.283 Thread 0x0000000057357000 flushing nmethod 0x0000000006ef0250
Event: 3852.283 Thread 0x0000000057357000 flushing nmethod 0x0000000006f45290
Event: 3852.283 Thread 0x0000000057357000 flushing nmethod 0x0000000006f85a10


Dynamic libraries:
0x000000013f1d0000 - 0x000000013f201000 	F:\Apps\x64\AndroidStudio\jre\bin\java.exe
0x0000000076d10000 - 0x0000000076eaf000 	C:\Windows\SYSTEM32\ntdll.dll
0x0000000076bf0000 - 0x0000000076d0f000 	C:\Windows\system32\kernel32.dll
0x000007fefca20000 - 0x000007fefca87000 	C:\Windows\system32\KERNELBASE.dll
0x000007fefeb70000 - 0x000007fefec4b000 	C:\Windows\system32\ADVAPI32.dll
0x000007fefd290000 - 0x000007fefd32f000 	C:\Windows\system32\msvcrt.dll
0x000007fefddc0000 - 0x000007fefdddf000 	C:\Windows\SYSTEM32\sechost.dll
0x000007fefd7e0000 - 0x000007fefd90c000 	C:\Windows\system32\RPCRT4.dll
0x00000000769b0000 - 0x0000000076aaa000 	C:\Windows\system32\USER32.dll
0x000007fefd210000 - 0x000007fefd277000 	C:\Windows\system32\GDI32.dll
0x000007fefd280000 - 0x000007fefd28e000 	C:\Windows\system32\LPK.dll
0x000007fefd430000 - 0x000007fefd4fb000 	C:\Windows\system32\USP10.dll
0x000007fefb070000 - 0x000007fefb265000 	C:\Windows\WinSxS\amd64_microsoft.windows.common-controls_6595b64144ccf1df_6.0.7601.24483_none_e372d88f30fbb845\COMCTL32.dll
0x000007fefd330000 - 0x000007fefd3a1000 	C:\Windows\system32\SHLWAPI.dll
0x000007fefd610000 - 0x000007fefd63e000 	C:\Windows\system32\IMM32.DLL
0x000007fefd500000 - 0x000007fefd60b000 	C:\Windows\system32\MSCTF.dll
0x0000000066000000 - 0x00000000660d2000 	F:\Apps\x64\AndroidStudio\jre\jre\bin\msvcr100.dll
0x000000006bef0000 - 0x000000006c73b000 	F:\Apps\x64\AndroidStudio\jre\jre\bin\server\jvm.dll
0x000007fef2c20000 - 0x000007fef2c29000 	C:\Windows\system32\WSOCK32.dll
0x000007fefd790000 - 0x000007fefd7dd000 	C:\Windows\system32\WS2_32.dll
0x000007fefd780000 - 0x000007fefd788000 	C:\Windows\system32\NSI.dll
0x000007fefc9d0000 - 0x000007fefca0b000 	C:\Windows\system32\WINMM.dll
0x000007fefb720000 - 0x000007fefb72c000 	C:\Windows\system32\VERSION.dll
0x0000000076eb0000 - 0x0000000076eb7000 	C:\Windows\system32\PSAPI.DLL
0x000007fef9740000 - 0x000007fef974f000 	F:\Apps\x64\AndroidStudio\jre\jre\bin\verify.dll
0x000007feee640000 - 0x000007feee669000 	F:\Apps\x64\AndroidStudio\jre\jre\bin\java.dll
0x000007feee680000 - 0x000007feee696000 	F:\Apps\x64\AndroidStudio\jre\jre\bin\zip.dll
0x000007fefdde0000 - 0x000007fefeb6b000 	C:\Windows\system32\SHELL32.dll
0x000007fefec50000 - 0x000007fefee4f000 	C:\Windows\system32\ole32.dll
0x000007fefc630000 - 0x000007fefc63f000 	C:\Windows\system32\profapi.dll
0x000007feee620000 - 0x000007feee63a000 	F:\Apps\x64\AndroidStudio\jre\jre\bin\net.dll
0x000007fefbd80000 - 0x000007fefbdd5000 	C:\Windows\system32\mswsock.dll
0x000007fefbd70000 - 0x000007fefbd77000 	C:\Windows\System32\wship6.dll
0x000007feee580000 - 0x000007feee593000 	F:\Apps\x64\AndroidStudio\jre\jre\bin\nio.dll
0x000007fef9890000 - 0x000007fef98b6000 	C:\Users\Administrator\.gradle\native\fdc75f09e3144964f2cf3f50f0aa648679c211496f362492102eb8c894070792\windows-amd64\native-platform.dll
0x000007fefa650000 - 0x000007fefa653000 	C:\Windows\system32\api-ms-win-core-synch-l1-2-0.DLL
0x000007fef27a0000 - 0x000007fef2931000 	C:\Users\Administrator\.gradle\native\12488b8bf47d2d4c9fbf2f6322a914ad602e24e48041cd04a747c6da556b65c4\windows-amd64\native-platform-file-events.dll
0x000007fef9900000 - 0x000007fef990d000 	F:\Apps\x64\AndroidStudio\jre\jre\bin\management.dll
0x000007fefbde0000 - 0x000007fefbdf8000 	C:\Windows\system32\CRYPTSP.dll
0x000007fefbae0000 - 0x000007fefbb27000 	C:\Windows\system32\rsaenh.dll
0x000007fefc970000 - 0x000007fefc98f000 	C:\Windows\system32\USERENV.dll
0x000007fefc490000 - 0x000007fefc49f000 	C:\Windows\system32\CRYPTBASE.dll
0x000007fefa060000 - 0x000007fefa087000 	C:\Windows\system32\IPHLPAPI.DLL
0x000007fefa040000 - 0x000007fefa04b000 	C:\Windows\system32\WINNSI.DLL
0x000007fef9db0000 - 0x000007fef9dc1000 	C:\Windows\system32\dhcpcsvc6.DLL
0x000007fef9cc0000 - 0x000007fef9cd8000 	C:\Windows\system32\dhcpcsvc.DLL
0x000007fefc430000 - 0x000007fefc487000 	C:\Windows\system32\apphelp.dll
0x000007fefa440000 - 0x000007fefa565000 	C:\Windows\system32\dbghelp.dll

VM Arguments:
jvm_args: -XX:MaxPermSize=3096m -XX:+HeapDumpOnOutOfMemoryError -Xmx2048m -Dfile.encoding=UTF-8 -Duser.country=CN -Duser.language=zh -Duser.variant 
java_command: org.gradle.launcher.daemon.bootstrap.GradleDaemon 6.7
java_class_path (initial): F:\Apps\x64\gradle-6.7\lib\gradle-launcher-6.7.jar
Launcher Type: SUN_STANDARD

Environment Variables:
PATH=C:\Windows;C:\Windows\System32\Wbem;C:\Program Files (x86)\AMD\ATI.ACE\Core-Static;C:\Users\Administrator\AppData\Roaming\npm;C:\Windows\system32;C:\Program Files\dotnet\;C:\Program Files (x86)\dotnet\;C:\bin;C:\Windows\System32\WindowsPowerShell\v1.0\;F:\Apps\x64\gradle-6.7\bin;F:\Apps\x64\Apktool;C:\Program Files\Java\jdk-14.0.2\bin;F:\Apps\x64\Kotlin\bin;F:\Apps\x64\MDbg Sample\bin\Release;F:\Apps\xx64\Android\SDK\platform-tools;C:\Windows\Microsoft.NET\Framework64\v4.0.30319;F:\Apps\x64\gradle-6.5\bin;F:\Apps\x64\Python38\;F:\Apps\x86\Yarn\bin\;F:\Apps\x64\Python38\Scripts\;F:\Apps\x64\NodeJs\;F:\Apps\x64\Pandoc;F:\Apps\x64\jdk-9\bin;F:\Apps\x64\dex2jar-2.0;F:\Apps\x64\TortoiseGit\bin;F:\Apps\x64\Git\bin;F:\Apps\x64\Curl\bin;F:\ChocoInstall\bin;F:\Apps\x64\cmder;F:\Apps\x64\CMakeForQn\bin;F:\Apps\x64\Microsoft VS Code\bin
USERNAME=Administrator
OS=Windows_NT
PROCESSOR_IDENTIFIER=AMD64 Family 16 Model 5 Stepping 3, AuthenticAMD



---------------  S Y S T E M  ---------------

OS: Windows 7 , 64 bit Build 7601 (6.1.7601.24535)

CPU:total 3 (initial active 3) (3 cores per cpu, 1 threads per core) family 16 model 5 stepping 3, cmov, cx8, fxsr, mmx, sse, sse2, sse3, popcnt, mmxext, 3dnowpref, lzcnt, sse4a, tsc, tscinvbit, tscinv

Memory: 4k page, physical 8387768k(889340k free), swap 17297924k(8435780k free)

vm_info: OpenJDK 64-Bit Server VM (25.242-b01) for windows-amd64 JRE (1.8.0_242-release-1644-b01), built by "builder" with MS VC++ 10.0 (VS2010)

time: Thu Feb 18 17:35:34 2021
timezone: 中国标准时间
elapsed time: 3852 seconds (0d 1h 4m 12s)

