#
# A fatal error has been detected by the Java Runtime Environment:
#
#  EXCEPTION_ACCESS_VIOLATION (0xc0000005) at pc=0x0000000005935ffc, pid=10332, tid=0x00000000000005b0
#
# JRE version: OpenJDK Runtime Environment (8.0_242-b01) (build 1.8.0_242-release-1644-b01)
# Java VM: OpenJDK 64-Bit Server VM (25.242-b01 mixed mode windows-amd64 compressed oops)
# Problematic frame:
# J 18076 C1 com.android.tools.r8.graph.X.collectIndexedItems(Lcom/android/tools/r8/dex/v;Lcom/android/tools/r8/graph/d0;I)V (112 bytes) @ 0x0000000005935ffc [0x0000000005935e60+0x19c]
#
# Failed to write core dump. Minidumps are not enabled by default on client versions of Windows
#
# If you would like to submit a bug report, please visit:
#   
#

---------------  T H R E A D  ---------------

Current thread (0x000000005eb1a000):  JavaThread "Execution worker for ':' Thread 2" [_thread_in_Java, id=1456, stack(0x0000000071fd0000,0x00000000720d0000)]

siginfo: ExceptionCode=0xc0000005, reading address 0x0000000061706d74

Registers:
RAX=0x0000000061706d6c, RBX=0x000000008c5c89e8, RCX=0x00000000d63ca2e8, RDX=0x00000000f1952a60
RSP=0x00000000720ca800, RBP=0x00000000d64f5738, RSI=0x000000005cea8478, RDI=0x00000000000004a0
R8 =0x000000008f120a30, R9 =0x0000000000004000, R10=0x00000000176c2a78, R11=0x000000008c5c89e8
R12=0x0000000000000000, R13=0x00000000720cabd0, R14=0x00000000f27e98c0, R15=0x000000005eb1a000
RIP=0x0000000005935ffc, EFLAGS=0x0000000000010246

Top of Stack: (sp=0x00000000720ca800)
0x00000000720ca800:   ffffffffffffffff 000000006d6b0110
0x00000000720ca810:   000000008d7ff980 00000000f27e9a00
0x00000000720ca820:   00000000720cabd0 000000008f120a30
0x00000000720ca830:   00000000f27e98c0 000000008e1c65e0
0x00000000720ca840:   000000008c5c89e8 0000000000000000
0x00000000720ca850:   00000000d64f5738 000000000596723c
0x00000000720ca860:   00000000f27e98c0 00000000117b0000
0x00000000720ca870:   000000008dec3ef0 00000000720ca8d0
0x00000000720ca880:   00000000d64f55e0 00000000059562e4
0x00000000720ca890:   000000006d07f39e 00000000865c2a00
0x00000000720ca8a0:   00000000f27e9908 0000000000000000
0x00000000720ca8b0:   00000000720cac38 0000000003b9ee68
0x00000000720ca8c0:   00000000d630da98 0000000003a49240
0x00000000720ca8d0:   00000000f27e9908 0000039e6d07f39e
0x00000000720ca8e0:   00000000865c2a00 00000000800007c8
0x00000000720ca8f0:   000000008d7ff980 00000000f27e98c0 

Instructions: (pc=0x0000000005935ffc)
0x0000000005935fdc:   24 28 49 8b f0 4c 8b c2 48 8b d6 90 90 90 90 90
0x0000000005935fec:   90 48 b8 28 e8 6e 17 00 00 00 00 e8 c4 be 02 00
0x0000000005935ffc:   44 8b 40 08 4d 8b 40 68 4c 8b c0 48 8b 54 24 30
0x000000000593600c:   90 48 b8 28 e8 6e 17 00 00 00 00 e8 84 16 00 00 


Register to memory mapping:

RAX=0x0000000061706d6c is an unknown value
RBX=0x000000008c5c89e8 is an oop
com.android.tools.r8.graph.j0 
 - klass: 'com/android/tools/r8/graph/j0'
RCX=0x00000000d63ca2e8 is an oop
[Ljava.lang.Object; 
 - klass: 'java/lang/Object'[]
 - length: 16384
RDX=0x00000000f1952a60 is an oop
com.android.tools.r8.naming.H$b 
 - klass: 'com/android/tools/r8/naming/H$b'
RSP=0x00000000720ca800 is pointing into the stack for thread: 0x000000005eb1a000
RBP=0x00000000d64f5738 is an oop
com.android.tools.r8.graph.Y$$Lambda$938/15834381 
 - klass: 'com/android/tools/r8/graph/Y$$Lambda$938'
RSI={method} {0x000000005cea8480} 'getRenamedName' '(Lcom/android/tools/r8/graph/X;)Lcom/android/tools/r8/graph/i0;' in 'com/android/tools/r8/dex/P$g'
RDI=0x00000000000004a0 is an unknown value
R8 =0x000000008f120a30 is an oop
com.android.tools.r8.graph.X 
 - klass: 'com/android/tools/r8/graph/X'
R9 =0x0000000000004000 is an unknown value
R10=0x00000000176c2a78 is pointing into metadata
R11=0x000000008c5c89e8 is an oop
com.android.tools.r8.graph.j0 
 - klass: 'com/android/tools/r8/graph/j0'
R12=0x0000000000000000 is an unknown value
R13=0x00000000720cabd0 is pointing into the stack for thread: 0x000000005eb1a000
R14=0x00000000f27e98c0 is an oop
com.android.tools.r8.dex.P$g 
 - klass: 'com/android/tools/r8/dex/P$g'
R15=0x000000005eb1a000 is a thread


Stack: [0x0000000071fd0000,0x00000000720d0000],  sp=0x00000000720ca800,  free space=1002k
Native frames: (J=compiled Java code, j=interpreted, Vv=VM code, C=native code)
C  0x0000000005935ffc


---------------  P R O C E S S  ---------------

Java Threads: ( => current thread )
  0x000000006f29b000 JavaThread "ForkJoinPool-9-worker-0" daemon [_thread_blocked, id=7192, stack(0x0000000062500000,0x0000000062600000)]
  0x000000006f29a800 JavaThread "ForkJoinPool-9-worker-1" daemon [_thread_blocked, id=11304, stack(0x0000000060450000,0x0000000060550000)]
  0x000000006f299800 JavaThread "Exec process Thread 18" [_thread_blocked, id=11660, stack(0x0000000076100000,0x0000000076200000)]
  0x000000006f299000 JavaThread "Exec process Thread 17" [_thread_blocked, id=11672, stack(0x0000000075c20000,0x0000000075d20000)]
  0x000000005eb1f800 JavaThread "Exec process Thread 16" [_thread_blocked, id=6192, stack(0x0000000075f80000,0x0000000076080000)]
  0x000000005eb1e000 JavaThread "Cache worker for Java compile cache (E:\Coding\Project\QScript\.gradle\6.7\javaCompile)" [_thread_blocked, id=11968, stack(0x00000000751f0000,0x00000000752f0000)]
  0x000000005eb1d000 JavaThread "Cache worker for Java compile cache (C:\Users\Administrator\.gradle\caches\6.7\javaCompile)" [_thread_blocked, id=12020, stack(0x0000000074ff0000,0x00000000750f0000)]
  0x000000005eb1c800 JavaThread "RMI TCP Connection(idle)" daemon [_thread_blocked, id=4832, stack(0x0000000074d30000,0x0000000074e30000)]
  0x000000005eb1b000 JavaThread "Cache worker for execution history cache (E:\Coding\Project\QScript\.gradle\6.7\executionHistory)" [_thread_blocked, id=5684, stack(0x0000000074210000,0x0000000074310000)]
=>0x000000005eb1a000 JavaThread "Execution worker for ':' Thread 2" [_thread_in_Java, id=1456, stack(0x0000000071fd0000,0x00000000720d0000)]
  0x000000005eb19800 JavaThread "Execution worker for ':'" [_thread_blocked, id=4600, stack(0x0000000074c00000,0x0000000074d00000)]
  0x000000005eb18800 JavaThread "pool-18-thread-1" [_thread_blocked, id=6400, stack(0x0000000074360000,0x0000000074460000)]
  0x000000006a79b800 JavaThread "Build operations Thread 3" [_thread_blocked, id=12264, stack(0x00000000623e0000,0x00000000624e0000)]
  0x000000006a79a800 JavaThread "Build operations Thread 2" [_thread_blocked, id=12140, stack(0x0000000061fb0000,0x00000000620b0000)]
  0x000000006a79a000 JavaThread "Build operations" [_thread_blocked, id=12072, stack(0x0000000061c20000,0x0000000061d20000)]
  0x000000006a799000 JavaThread "Cache worker for Build Output Cleanup Cache (E:\Coding\Project\QScript\.gradle\buildOutputCleanup)" [_thread_blocked, id=1960, stack(0x0000000061a10000,0x0000000061b10000)]
  0x000000006a798800 JavaThread "Cache worker for cache directory md-rule (C:\Users\Administrator\.gradle\caches\6.7\md-rule)" [_thread_blocked, id=12092, stack(0x0000000060740000,0x0000000060840000)]
  0x000000006a797800 JavaThread "Cache worker for cache directory md-supplier (C:\Users\Administrator\.gradle\caches\6.7\md-supplier)" [_thread_blocked, id=11792, stack(0x0000000061880000,0x0000000061980000)]
  0x000000006a793000 JavaThread "Cache worker for checksums cache (E:\Coding\Project\QScript\.gradle\checksums)" [_thread_blocked, id=12032, stack(0x000000005caa0000,0x000000005cba0000)]
  0x000000006dd73800 JavaThread "Cache worker for file hash cache (E:\Coding\Project\QScript\.gradle\6.7\fileHashes)" [_thread_blocked, id=9140, stack(0x00000000605d0000,0x00000000606d0000)]
  0x000000006dd75000 JavaThread "Thread-842" [_thread_blocked, id=9672, stack(0x000000005eec0000,0x000000005efc0000)]
  0x000000006dd76800 JavaThread "Asynchronous log dispatcher for DefaultDaemonConnection: socket connection from /127.0.0.1:5525 to /127.0.0.1:6001" [_thread_blocked, id=3944, stack(0x000000005f1a0000,0x000000005f2a0000)]
  0x000000006dd75800 JavaThread "Cancel handler" [_thread_blocked, id=12208, stack(0x000000005d5c0000,0x000000005d6c0000)]
  0x000000006dd74000 JavaThread "Handler for socket connection from /127.0.0.1:5525 to /127.0.0.1:6001" [_thread_in_native, id=9728, stack(0x000000005d040000,0x000000005d140000)]
  0x000000006a796000 JavaThread "RMI Reaper" [_thread_blocked, id=4540, stack(0x0000000075d40000,0x0000000075e40000)]
  0x000000006a795800 JavaThread "GC Daemon" daemon [_thread_blocked, id=6888, stack(0x0000000075b20000,0x0000000075c20000)]
  0x000000006b43b000 JavaThread "pool-15-thread-3" [_thread_blocked, id=7456, stack(0x0000000073fd0000,0x00000000740d0000)]
  0x000000006b439800 JavaThread "pool-15-thread-2" [_thread_blocked, id=11372, stack(0x0000000073ca0000,0x0000000073da0000)]
  0x000000006b439000 JavaThread "pool-15-thread-1" [_thread_blocked, id=8732, stack(0x0000000073ae0000,0x0000000073be0000)]
  0x000000006dd72800 JavaThread "Daemon worker Thread 6" [_thread_blocked, id=4628, stack(0x000000005cc00000,0x000000005cd00000)]
  0x000000006dd71000 JavaThread "Daemon Thread 6" [_thread_blocked, id=12012, stack(0x000000005c690000,0x000000005c790000)]
  0x000000006dd72000 JavaThread "RMI TCP Accept-0" daemon [_thread_in_native, id=7376, stack(0x0000000069480000,0x0000000069580000)]
  0x000000005e6e4800 JavaThread "RMI Scheduler(0)" daemon [_thread_blocked, id=6020, stack(0x0000000071d70000,0x0000000071e70000)]
  0x000000005aec5800 JavaThread "Memory manager" [_thread_blocked, id=9252, stack(0x000000006a650000,0x000000006a750000)]
  0x00000000591a4000 JavaThread "Cache worker for file content cache (C:\Users\Administrator\.gradle\caches\6.7\fileContent)" [_thread_blocked, id=5844, stack(0x000000005d3c0000,0x000000005d4c0000)]
  0x00000000591a2800 JavaThread "Cache worker for execution history cache (C:\Users\Administrator\.gradle\caches\6.7\executionHistory)" [_thread_blocked, id=4044, stack(0x000000005f020000,0x000000005f120000)]
  0x000000005919f000 JavaThread "Cache worker for journal cache (C:\Users\Administrator\.gradle\caches\journal-1)" [_thread_blocked, id=6204, stack(0x000000005d7f0000,0x000000005d8f0000)]
  0x000000005919e000 JavaThread "File lock request listener" [_thread_in_native, id=10208, stack(0x000000005d6c0000,0x000000005d7c0000)]
  0x000000005910c000 JavaThread "Cache worker for file hash cache (C:\Users\Administrator\.gradle\caches\6.7\fileHashes)" [_thread_blocked, id=7392, stack(0x000000005d4c0000,0x000000005d5c0000)]
  0x00000000598c9000 JavaThread "Daemon periodic checks" [_thread_blocked, id=5052, stack(0x000000005c340000,0x000000005c440000)]
  0x0000000058f03000 JavaThread "Incoming local TCP Connector on port 5525" [_thread_in_native, id=6992, stack(0x000000005c210000,0x000000005c310000)]
  0x0000000059240800 JavaThread "Daemon health stats" [_thread_blocked, id=8920, stack(0x000000005bc80000,0x000000005bd80000)]
  0x00000000573b3800 JavaThread "Service Thread" daemon [_thread_blocked, id=10936, stack(0x0000000058c60000,0x0000000058d60000)]
  0x00000000573af000 JavaThread "C1 CompilerThread1" daemon [_thread_blocked, id=8836, stack(0x0000000058b60000,0x0000000058c60000)]
  0x00000000573aa000 JavaThread "C2 CompilerThread0" daemon [_thread_in_native, id=472, stack(0x00000000589c0000,0x0000000058ac0000)]
  0x0000000057396800 JavaThread "Attach Listener" daemon [_thread_blocked, id=10640, stack(0x00000000587d0000,0x00000000588d0000)]
  0x000000005737a000 JavaThread "Signal Dispatcher" daemon [_thread_blocked, id=11228, stack(0x0000000058680000,0x0000000058780000)]
  0x0000000057366800 JavaThread "Finalizer" daemon [_thread_blocked, id=4476, stack(0x0000000058430000,0x0000000058530000)]
  0x0000000057365000 JavaThread "Reference Handler" daemon [_thread_blocked, id=7596, stack(0x0000000058330000,0x0000000058430000)]
  0x00000000022ec000 JavaThread "main" [_thread_blocked, id=4484, stack(0x00000000026f0000,0x00000000027f0000)]

Other Threads:
  0x000000005731d800 VMThread [stack: 0x00000000580c0000,0x00000000581c0000] [id=7084]
  0x00000000573b7000 WatcherThread [stack: 0x0000000058d60000,0x0000000058e60000] [id=9900]

VM state:not at safepoint (normal execution)

VM Mutex/Monitor currently owned by a thread: None

heap address: 0x0000000080000000, size: 2048 MB, Compressed Oops mode: 32-bit
Narrow klass base: 0x0000000000000000, Narrow klass shift: 0
Compressed class space size: 1073741824 Address: 0x00000000169c0000

Heap:
 PSYoungGen      total 561152K, used 62304K [0x00000000d5580000, 0x0000000100000000, 0x0000000100000000)
  eden space 448512K, 3% used [0x00000000d5580000,0x00000000d66bec78,0x00000000f0b80000)
  from space 112640K, 39% used [0x00000000f0b80000,0x00000000f3719780,0x00000000f7980000)
  to   space 112640K, 0% used [0x00000000f9200000,0x00000000f9200000,0x0000000100000000)
 ParOldGen       total 498688K, used 341760K [0x0000000080000000, 0x000000009e700000, 0x00000000d5580000)
  object space 498688K, 68% used [0x0000000080000000,0x0000000094dc00c8,0x000000009e700000)
 Metaspace       used 127821K, capacity 137130K, committed 137384K, reserved 1169408K
  class space    used 16444K, capacity 18047K, committed 18088K, reserved 1048576K

Card table byte_map: [0x0000000011bb0000,0x0000000011fc0000] byte_map_base: 0x00000000117b0000

Marking Bits: (ParMarkBitMap*) 0x0000000072b4f030
 Begin Bits: [0x00000000125c0000, 0x00000000145c0000)
 End Bits:   [0x00000000145c0000, 0x00000000165c0000)

Polling page: 0x00000000001d0000

CodeCache: size=245760Kb used=92340Kb max_used=92376Kb free=153419Kb
 bounds [0x00000000027f0000, 0x0000000008290000, 0x00000000117f0000]
 total_blobs=27537 nmethods=26564 adapters=884
 compilation: enabled

Compilation events (10 events):
Event: 9057.479 Thread 0x00000000573af000 36768       1       com.android.tools.r8.code.c::a (1 bytes)
Event: 9057.479 Thread 0x00000000573af000 nmethod 36768 0x0000000008258cd0 code [0x0000000008258e20, 0x0000000008258f30]
Event: 9057.488 Thread 0x00000000573af000 36769       1       com.android.tools.r8.code.n2::a (1 bytes)
Event: 9057.488 Thread 0x00000000573af000 nmethod 36769 0x0000000008258a10 code [0x0000000008258b60, 0x0000000008258c70]
Event: 9057.518 Thread 0x00000000573aa000 nmethod 36734 0x00000000082729d0 code [0x00000000082732a0, 0x0000000008279e20]
Event: 9057.519 Thread 0x00000000573aa000 36752       4       java.util.TreeMap::getFloorEntry (107 bytes)
Event: 9057.521 Thread 0x00000000573aa000 nmethod 36752 0x0000000008255710 code [0x0000000008255860, 0x0000000008255a38]
Event: 9057.521 Thread 0x00000000573aa000 36755 %     4       com.android.tools.r8.graph.Z0::d @ 17 (52 bytes)
Event: 9057.527 Thread 0x00000000573aa000 nmethod 36755% 0x0000000008253190 code [0x0000000008253300, 0x0000000008253708]
Event: 9057.527 Thread 0x00000000573aa000 36753   !   4       com.android.tools.r8.utils.x0::a (494 bytes)

GC Heap History (10 events):
Event: 9053.151 GC heap before
{Heap before GC invocations=136 (full 9):
 PSYoungGen      total 530432K, used 387152K [0x00000000d5580000, 0x00000000fe900000, 0x0000000100000000)
  eden space 385024K, 100% used [0x00000000d5580000,0x00000000ecd80000,0x00000000ecd80000)
  from space 145408K, 1% used [0x00000000f5b00000,0x00000000f5d14010,0x00000000fe900000)
  to   space 144896K, 0% used [0x00000000ecd80000,0x00000000ecd80000,0x00000000f5b00000)
 ParOldGen       total 498688K, used 335320K [0x0000000080000000, 0x000000009e700000, 0x00000000d5580000)
  object space 498688K, 67% used [0x0000000080000000,0x0000000094776070,0x000000009e700000)
 Metaspace       used 127817K, capacity 137130K, committed 137384K, reserved 1169408K
  class space    used 16444K, capacity 18047K, committed 18088K, reserved 1048576K
Event: 9053.179 GC heap after
Heap after GC invocations=136 (full 9):
 PSYoungGen      total 529920K, used 3584K [0x00000000d5580000, 0x00000000fef80000, 0x0000000100000000)
  eden space 385024K, 0% used [0x00000000d5580000,0x00000000d5580000,0x00000000ecd80000)
  from space 144896K, 2% used [0x00000000ecd80000,0x00000000ed100000,0x00000000f5b00000)
  to   space 136704K, 0% used [0x00000000f6a00000,0x00000000f6a00000,0x00000000fef80000)
 ParOldGen       total 498688K, used 336908K [0x0000000080000000, 0x000000009e700000, 0x00000000d5580000)
  object space 498688K, 67% used [0x0000000080000000,0x0000000094903088,0x000000009e700000)
 Metaspace       used 127817K, capacity 137130K, committed 137384K, reserved 1169408K
  class space    used 16444K, capacity 18047K, committed 18088K, reserved 1048576K
}
Event: 9053.922 GC heap before
{Heap before GC invocations=137 (full 9):
 PSYoungGen      total 529920K, used 388608K [0x00000000d5580000, 0x00000000fef80000, 0x0000000100000000)
  eden space 385024K, 100% used [0x00000000d5580000,0x00000000ecd80000,0x00000000ecd80000)
  from space 144896K, 2% used [0x00000000ecd80000,0x00000000ed100000,0x00000000f5b00000)
  to   space 136704K, 0% used [0x00000000f6a00000,0x00000000f6a00000,0x00000000fef80000)
 ParOldGen       total 498688K, used 336908K [0x0000000080000000, 0x000000009e700000, 0x00000000d5580000)
  object space 498688K, 67% used [0x0000000080000000,0x0000000094903088,0x000000009e700000)
 Metaspace       used 127817K, capacity 137130K, committed 137384K, reserved 1169408K
  class space    used 16444K, capacity 18047K, committed 18088K, reserved 1048576K
Event: 9053.936 GC heap after
Heap after GC invocations=137 (full 9):
 PSYoungGen      total 546304K, used 2080K [0x00000000d5580000, 0x00000000fe900000, 0x0000000100000000)
  eden space 416256K, 0% used [0x00000000d5580000,0x00000000d5580000,0x00000000eec00000)
  from space 130048K, 1% used [0x00000000f6a00000,0x00000000f6c08030,0x00000000fe900000)
  to   space 129024K, 0% used [0x00000000eec00000,0x00000000eec00000,0x00000000f6a00000)
 ParOldGen       total 498688K, used 338564K [0x0000000080000000, 0x000000009e700000, 0x00000000d5580000)
  object space 498688K, 67% used [0x0000000080000000,0x0000000094aa1088,0x000000009e700000)
 Metaspace       used 127817K, capacity 137130K, committed 137384K, reserved 1169408K
  class space    used 16444K, capacity 18047K, committed 18088K, reserved 1048576K
}
Event: 9054.797 GC heap before
{Heap before GC invocations=138 (full 9):
 PSYoungGen      total 546304K, used 418336K [0x00000000d5580000, 0x00000000fe900000, 0x0000000100000000)
  eden space 416256K, 100% used [0x00000000d5580000,0x00000000eec00000,0x00000000eec00000)
  from space 130048K, 1% used [0x00000000f6a00000,0x00000000f6c08030,0x00000000fe900000)
  to   space 129024K, 0% used [0x00000000eec00000,0x00000000eec00000,0x00000000f6a00000)
 ParOldGen       total 498688K, used 338564K [0x0000000080000000, 0x000000009e700000, 0x00000000d5580000)
  object space 498688K, 67% used [0x0000000080000000,0x0000000094aa1088,0x000000009e700000)
 Metaspace       used 127817K, capacity 137130K, committed 137384K, reserved 1169408K
  class space    used 16444K, capacity 18047K, committed 18088K, reserved 1048576K
Event: 9054.811 GC heap after
Heap after GC invocations=138 (full 9):
 PSYoungGen      total 545280K, used 2384K [0x00000000d5580000, 0x00000000ff000000, 0x0000000100000000)
  eden space 416256K, 0% used [0x00000000d5580000,0x00000000d5580000,0x00000000eec00000)
  from space 129024K, 1% used [0x00000000eec00000,0x00000000eee54010,0x00000000f6a00000)
  to   space 121344K, 0% used [0x00000000f7980000,0x00000000f7980000,0x00000000ff000000)
 ParOldGen       total 498688K, used 340124K [0x0000000080000000, 0x000000009e700000, 0x00000000d5580000)
  object space 498688K, 68% used [0x0000000080000000,0x0000000094c270b8,0x000000009e700000)
 Metaspace       used 127817K, capacity 137130K, committed 137384K, reserved 1169408K
  class space    used 16444K, capacity 18047K, committed 18088K, reserved 1048576K
}
Event: 9055.927 GC heap before
{Heap before GC invocations=139 (full 9):
 PSYoungGen      total 545280K, used 418640K [0x00000000d5580000, 0x00000000ff000000, 0x0000000100000000)
  eden space 416256K, 100% used [0x00000000d5580000,0x00000000eec00000,0x00000000eec00000)
  from space 129024K, 1% used [0x00000000eec00000,0x00000000eee54010,0x00000000f6a00000)
  to   space 121344K, 0% used [0x00000000f7980000,0x00000000f7980000,0x00000000ff000000)
 ParOldGen       total 498688K, used 340124K [0x0000000080000000, 0x000000009e700000, 0x00000000d5580000)
  object space 498688K, 68% used [0x0000000080000000,0x0000000094c270b8,0x000000009e700000)
 Metaspace       used 127819K, capacity 137130K, committed 137384K, reserved 1169408K
  class space    used 16444K, capacity 18047K, committed 18088K, reserved 1048576K
Event: 9055.973 GC heap after
Heap after GC invocations=139 (full 9):
 PSYoungGen      total 561152K, used 13376K [0x00000000d5580000, 0x00000000fe780000, 0x0000000100000000)
  eden space 448512K, 0% used [0x00000000d5580000,0x00000000d5580000,0x00000000f0b80000)
  from space 112640K, 11% used [0x00000000f7980000,0x00000000f8690100,0x00000000fe780000)
  to   space 112640K, 0% used [0x00000000f0b80000,0x00000000f0b80000,0x00000000f7980000)
 ParOldGen       total 498688K, used 340124K [0x0000000080000000, 0x000000009e700000, 0x00000000d5580000)
  object space 498688K, 68% used [0x0000000080000000,0x0000000094c270b8,0x000000009e700000)
 Metaspace       used 127819K, capacity 137130K, committed 137384K, reserved 1169408K
  class space    used 16444K, capacity 18047K, committed 18088K, reserved 1048576K
}
Event: 9057.290 GC heap before
{Heap before GC invocations=140 (full 9):
 PSYoungGen      total 561152K, used 461888K [0x00000000d5580000, 0x00000000fe780000, 0x0000000100000000)
  eden space 448512K, 100% used [0x00000000d5580000,0x00000000f0b80000,0x00000000f0b80000)
  from space 112640K, 11% used [0x00000000f7980000,0x00000000f8690100,0x00000000fe780000)
  to   space 112640K, 0% used [0x00000000f0b80000,0x00000000f0b80000,0x00000000f7980000)
 ParOldGen       total 498688K, used 340124K [0x0000000080000000, 0x000000009e700000, 0x00000000d5580000)
  object space 498688K, 68% used [0x0000000080000000,0x0000000094c270b8,0x000000009e700000)
 Metaspace       used 127820K, capacity 137130K, committed 137384K, reserved 1169408K
  class space    used 16444K, capacity 18047K, committed 18088K, reserved 1048576K
Event: 9057.386 GC heap after
Heap after GC invocations=140 (full 9):
 PSYoungGen      total 561152K, used 44645K [0x00000000d5580000, 0x0000000100000000, 0x0000000100000000)
  eden space 448512K, 0% used [0x00000000d5580000,0x00000000d5580000,0x00000000f0b80000)
  from space 112640K, 39% used [0x00000000f0b80000,0x00000000f3719780,0x00000000f7980000)
  to   space 112640K, 0% used [0x00000000f9200000,0x00000000f9200000,0x0000000100000000)
 ParOldGen       total 498688K, used 341760K [0x0000000080000000, 0x000000009e700000, 0x00000000d5580000)
  object space 498688K, 68% used [0x0000000080000000,0x0000000094dc00c8,0x000000009e700000)
 Metaspace       used 127820K, capacity 137130K, committed 137384K, reserved 1169408K
  class space    used 16444K, capacity 18047K, committed 18088K, reserved 1048576K
}

Deoptimization events (10 events):
Event: 9055.454 Thread 0x000000006f29a800 Uncommon trap: reason=unstable_if action=reinterpret pc=0x000000000567b834 method=com.android.tools.r8.ir.conversion.g$b.a(Lcom/android/tools/r8/graph/X;)V @ 92
Event: 9055.454 Thread 0x000000006f29a800 Uncommon trap: reason=class_check action=maybe_recompile pc=0x0000000002eab404 method=com.android.tools.r8.ir.conversion.g$b.a(Lcom/android/tools/r8/graph/n1;)V @ 32
Event: 9055.454 Thread 0x000000006f29a800 Uncommon trap: reason=class_check action=maybe_recompile pc=0x0000000002eab404 method=com.android.tools.r8.ir.conversion.g$b.a(Lcom/android/tools/r8/graph/n1;)V @ 32
Event: 9055.454 Thread 0x000000006f29b000 Uncommon trap: reason=class_check action=maybe_recompile pc=0x0000000002eab404 method=com.android.tools.r8.ir.conversion.g$b.a(Lcom/android/tools/r8/graph/n1;)V @ 32
Event: 9055.454 Thread 0x000000006f29a800 Uncommon trap: reason=class_check action=maybe_recompile pc=0x0000000002eab404 method=com.android.tools.r8.ir.conversion.g$b.a(Lcom/android/tools/r8/graph/n1;)V @ 32
Event: 9056.314 Thread 0x000000005eb1a000 Uncommon trap: reason=unstable_if action=reinterpret pc=0x0000000006f91334 method=com.android.tools.r8.s.b.o.a(ILcom/android/tools/r8/s/b/o$c;)Z @ 30
Event: 9056.683 Thread 0x000000005eb1a000 Uncommon trap: reason=class_check action=maybe_recompile pc=0x00000000059fab04 method=com.android.tools.r8.z.a.a.s.a(Lcom/android/tools/r8/z/a/a/u;Z)V @ 3
Event: 9056.683 Thread 0x000000005eb1a000 Uncommon trap: reason=class_check action=maybe_recompile pc=0x00000000059fab04 method=com.android.tools.r8.z.a.a.s.a(Lcom/android/tools/r8/z/a/a/u;Z)V @ 3
Event: 9056.683 Thread 0x000000005eb1a000 Uncommon trap: reason=class_check action=maybe_recompile pc=0x00000000059fab04 method=com.android.tools.r8.z.a.a.s.a(Lcom/android/tools/r8/z/a/a/u;Z)V @ 3
Event: 9056.683 Thread 0x000000005eb1a000 Uncommon trap: reason=class_check action=maybe_recompile pc=0x00000000059fab04 method=com.android.tools.r8.z.a.a.s.a(Lcom/android/tools/r8/z/a/a/u;Z)V @ 3

Classes redefined (0 events):
No events

Internal exceptions (10 events):
Event: 9020.692 Thread 0x000000005eb1a000 Exception <a 'sun/nio/fs/WindowsException'> (0x00000000f1daf418) thrown at [C:\src\AOSP-openjdk-git\hotspot\src\share\vm\prims\jni.cpp, line 710]
Event: 9020.692 Thread 0x000000005eb1a000 Exception <a 'sun/nio/fs/WindowsException'> (0x00000000f1db04e0) thrown at [C:\src\AOSP-openjdk-git\hotspot\src\share\vm\prims\jni.cpp, line 710]
Event: 9021.742 Thread 0x000000005eb1a000 Exception <a 'sun/nio/fs/WindowsException'> (0x00000000f28e3518) thrown at [C:\src\AOSP-openjdk-git\hotspot\src\share\vm\prims\jni.cpp, line 710]
Event: 9021.744 Thread 0x000000005eb1a000 Exception <a 'sun/nio/fs/WindowsException'> (0x00000000f28f1c50) thrown at [C:\src\AOSP-openjdk-git\hotspot\src\share\vm\prims\jni.cpp, line 710]
Event: 9021.745 Thread 0x000000005eb1a000 Exception <a 'sun/nio/fs/WindowsException'> (0x00000000f28f4200) thrown at [C:\src\AOSP-openjdk-git\hotspot\src\share\vm\prims\jni.cpp, line 710]
Event: 9021.745 Thread 0x000000005eb1a000 Exception <a 'sun/nio/fs/WindowsException'> (0x00000000f28f4a60) thrown at [C:\src\AOSP-openjdk-git\hotspot\src\share\vm\prims\jni.cpp, line 710]
Event: 9021.745 Thread 0x000000005eb1a000 Exception <a 'sun/nio/fs/WindowsException'> (0x00000000f28f52c0) thrown at [C:\src\AOSP-openjdk-git\hotspot\src\share\vm\prims\jni.cpp, line 710]
Event: 9021.745 Thread 0x000000005eb1a000 Exception <a 'sun/nio/fs/WindowsException'> (0x00000000f28f5b30) thrown at [C:\src\AOSP-openjdk-git\hotspot\src\share\vm\prims\jni.cpp, line 710]
Event: 9021.747 Thread 0x000000005eb1a000 Exception <a 'sun/nio/fs/WindowsException'> (0x00000000f28f6458) thrown at [C:\src\AOSP-openjdk-git\hotspot\src\share\vm\prims\jni.cpp, line 710]
Event: 9040.156 Thread 0x000000006f29a800 Implicit null exception at 0x00000000070055fd to 0x000000000700a1f9

Events (10 events):
Event: 9056.683 Thread 0x000000005eb1a000 Uncommon trap: trap_request=0xffffffde fr.pc=0x00000000059fab04
Event: 9056.683 Thread 0x000000005eb1a000 DEOPT PACKING pc=0x00000000059fab04 sp=0x00000000720ca270
Event: 9056.683 Thread 0x000000005eb1a000 DEOPT UNPACKING pc=0x000000000283557b sp=0x00000000720ca248 mode 2
Event: 9056.683 Thread 0x000000005eb1a000 Uncommon trap: trap_request=0xffffffde fr.pc=0x00000000059fab04
Event: 9056.683 Thread 0x000000005eb1a000 DEOPT PACKING pc=0x00000000059fab04 sp=0x00000000720ca270
Event: 9056.683 Thread 0x000000005eb1a000 DEOPT UNPACKING pc=0x000000000283557b sp=0x00000000720ca248 mode 2
Event: 9056.945 Thread 0x000000005eb1a000 DEOPT PACKING pc=0x0000000005926ebe sp=0x00000000720caaf0
Event: 9056.945 Thread 0x000000005eb1a000 DEOPT UNPACKING pc=0x00000000028371d0 sp=0x00000000720cab10 mode 0
Event: 9057.289 Executing VM operation: ParallelGCFailedAllocation
Event: 9057.386 Executing VM operation: ParallelGCFailedAllocation done


Dynamic libraries:
0x000000013f900000 - 0x000000013f931000 	F:\Apps\x64\AndroidStudio\jre\bin\java.exe
0x0000000076e30000 - 0x0000000076fcf000 	C:\Windows\SYSTEM32\ntdll.dll
0x0000000076ad0000 - 0x0000000076bef000 	C:\Windows\system32\kernel32.dll
0x000007fefc770000 - 0x000007fefc7d7000 	C:\Windows\system32\KERNELBASE.dll
0x000007fefd470000 - 0x000007fefd54b000 	C:\Windows\system32\ADVAPI32.dll
0x000007fefd550000 - 0x000007fefd5ef000 	C:\Windows\system32\msvcrt.dll
0x000007fefcd40000 - 0x000007fefcd5f000 	C:\Windows\SYSTEM32\sechost.dll
0x000007fefd1d0000 - 0x000007fefd2fc000 	C:\Windows\system32\RPCRT4.dll
0x0000000076bf0000 - 0x0000000076cea000 	C:\Windows\system32\USER32.dll
0x000007fefd300000 - 0x000007fefd367000 	C:\Windows\system32\GDI32.dll
0x000007fefecd0000 - 0x000007fefecde000 	C:\Windows\system32\LPK.dll
0x000007fefece0000 - 0x000007fefedab000 	C:\Windows\system32\USP10.dll
0x000007fefae00000 - 0x000007fefaff5000 	C:\Windows\WinSxS\amd64_microsoft.windows.common-controls_6595b64144ccf1df_6.0.7601.24483_none_e372d88f30fbb845\COMCTL32.dll
0x000007fefcf90000 - 0x000007fefd001000 	C:\Windows\system32\SHLWAPI.dll
0x000007fefeca0000 - 0x000007fefecce000 	C:\Windows\system32\IMM32.DLL
0x000007fefd0c0000 - 0x000007fefd1cb000 	C:\Windows\system32\MSCTF.dll
0x00000000735d0000 - 0x00000000736a2000 	F:\Apps\x64\AndroidStudio\jre\jre\bin\msvcr100.dll
0x0000000072380000 - 0x0000000072bcb000 	F:\Apps\x64\AndroidStudio\jre\jre\bin\server\jvm.dll
0x000007fef57b0000 - 0x000007fef57b9000 	C:\Windows\system32\WSOCK32.dll
0x000007fefcf40000 - 0x000007fefcf8d000 	C:\Windows\system32\WS2_32.dll
0x000007fefd0b0000 - 0x000007fefd0b8000 	C:\Windows\system32\NSI.dll
0x000007fefcb50000 - 0x000007fefcb8b000 	C:\Windows\system32\WINMM.dll
0x000007fefb840000 - 0x000007fefb84c000 	C:\Windows\system32\VERSION.dll
0x0000000076fd0000 - 0x0000000076fd7000 	C:\Windows\system32\PSAPI.DLL
0x000007feee760000 - 0x000007feee76f000 	F:\Apps\x64\AndroidStudio\jre\jre\bin\verify.dll
0x000007feee730000 - 0x000007feee759000 	F:\Apps\x64\AndroidStudio\jre\jre\bin\java.dll
0x000007fef27e0000 - 0x000007fef27f6000 	F:\Apps\x64\AndroidStudio\jre\jre\bin\zip.dll
0x000007fefd680000 - 0x000007fefe40b000 	C:\Windows\system32\SHELL32.dll
0x000007fefe410000 - 0x000007fefe60f000 	C:\Windows\system32\ole32.dll
0x000007fefc760000 - 0x000007fefc76f000 	C:\Windows\system32\profapi.dll
0x000007fef2880000 - 0x000007fef289a000 	F:\Apps\x64\AndroidStudio\jre\jre\bin\net.dll
0x000007fefbea0000 - 0x000007fefbef5000 	C:\Windows\system32\mswsock.dll
0x000007fefbe90000 - 0x000007fefbe97000 	C:\Windows\System32\wship6.dll
0x000007fef2860000 - 0x000007fef2873000 	F:\Apps\x64\AndroidStudio\jre\jre\bin\nio.dll
0x000007fef9fa0000 - 0x000007fef9fc6000 	C:\Users\Administrator\.gradle\native\fdc75f09e3144964f2cf3f50f0aa648679c211496f362492102eb8c894070792\windows-amd64\native-platform.dll
0x000007fefa760000 - 0x000007fefa763000 	C:\Windows\system32\api-ms-win-core-synch-l1-2-0.DLL
0x000007fee8d20000 - 0x000007fee8eb1000 	C:\Users\Administrator\.gradle\native\12488b8bf47d2d4c9fbf2f6322a914ad602e24e48041cd04a747c6da556b65c4\windows-amd64\native-platform-file-events.dll
0x000007fef2850000 - 0x000007fef285d000 	F:\Apps\x64\AndroidStudio\jre\jre\bin\management.dll
0x000007fefbf00000 - 0x000007fefbf18000 	C:\Windows\system32\CRYPTSP.dll
0x000007fefbc00000 - 0x000007fefbc47000 	C:\Windows\system32\rsaenh.dll
0x000007fefcb90000 - 0x000007fefcbaf000 	C:\Windows\system32\USERENV.dll
0x000007fefc5b0000 - 0x000007fefc5bf000 	C:\Windows\system32\CRYPTBASE.dll
0x000007fef9ef0000 - 0x000007fef9f17000 	C:\Windows\system32\IPHLPAPI.DLL
0x000007fef9ee0000 - 0x000007fef9eeb000 	C:\Windows\system32\WINNSI.DLL
0x000007fef91a0000 - 0x000007fef91b1000 	C:\Windows\system32\dhcpcsvc6.DLL
0x000007fef9b30000 - 0x000007fef9b48000 	C:\Windows\system32\dhcpcsvc.DLL
0x000007fefc550000 - 0x000007fefc5a7000 	C:\Windows\system32\apphelp.dll
0x000007fef5960000 - 0x000007fef597e000 	E:\Temp\native-platform4418997834812301583dir\native-platform.dll
0x000007fefa350000 - 0x000007fefa475000 	C:\Windows\system32\dbghelp.dll

VM Arguments:
jvm_args: -XX:MaxPermSize=3096m -XX:+HeapDumpOnOutOfMemoryError -Xmx2048m -Dfile.encoding=UTF-8 -Duser.country=CN -Duser.language=zh -Duser.variant 
java_command: org.gradle.launcher.daemon.bootstrap.GradleDaemon 6.7
java_class_path (initial): F:\Apps\x64\gradle-6.7\lib\gradle-launcher-6.7.jar
Launcher Type: SUN_STANDARD

Environment Variables:
PATH=C:\Windows;C:\Windows\System32\Wbem;C:\Program Files (x86)\AMD\ATI.ACE\Core-Static;C:\Users\Administrator\AppData\Roaming\npm;C:\Windows\system32;C:\Program Files\dotnet\;C:\Program Files (x86)\dotnet\;C:\bin;C:\Windows\System32\WindowsPowerShell\v1.0\;F:\Apps\x64\gradle-6.7\bin;F:\Apps\x64\Apktool;C:\Program Files\Java\jdk-14.0.2\bin;F:\Apps\x64\Kotlin\bin;F:\Apps\x64\MDbg Sample\bin\Release;F:\Apps\xx64\Android\SDK\platform-tools;C:\Windows\Microsoft.NET\Framework64\v4.0.30319;F:\Apps\x64\gradle-6.5\bin;F:\Apps\x64\Python38\;F:\Apps\x86\Yarn\bin\;F:\Apps\x64\Python38\Scripts\;F:\Apps\x64\NodeJs\;F:\Apps\x64\Pandoc;F:\Apps\x64\jdk-9\bin;F:\Apps\x64\dex2jar-2.0;F:\Apps\x64\TortoiseGit\bin;F:\Apps\x64\Git\bin;F:\Apps\x64\Curl\bin;F:\ChocoInstall\bin;F:\Apps\x64\cmder;F:\Apps\x64\CMakeForQn\bin;F:\Apps\x64\Microsoft VS Code\bin
USERNAME=Administrator
OS=Windows_NT
PROCESSOR_IDENTIFIER=AMD64 Family 16 Model 5 Stepping 3, AuthenticAMD



---------------  S Y S T E M  ---------------

OS: Windows 7 , 64 bit Build 7601 (6.1.7601.24535)

CPU:total 3 (initial active 3) (3 cores per cpu, 1 threads per core) family 16 model 5 stepping 3, cmov, cx8, fxsr, mmx, sse, sse2, sse3, popcnt, mmxext, 3dnowpref, lzcnt, sse4a, tsc, tscinvbit, tscinv

Memory: 4k page, physical 8387768k(1130172k free), swap 17297924k(8602804k free)

vm_info: OpenJDK 64-Bit Server VM (25.242-b01) for windows-amd64 JRE (1.8.0_242-release-1644-b01), built by "builder" with MS VC++ 10.0 (VS2010)

time: Wed Feb 17 18:17:15 2021
timezone: 中国标准时间
elapsed time: 9057 seconds (0d 2h 30m 57s)

